<?xml version="1.0" encoding="UTF-8"?>
<testsuites tests="7" failures="5" disabled="0" errors="0" timestamp="2017-06-29T00:57:19" time="0.018" name="AllTests">
  <testsuite name="Test_Graph" tests="7" failures="5" disabled="0" errors="0" time="0.015">
    <testcase name="PointToTwoVertices" status="run" time="0.001" classname="Test_Graph" />
    <testcase name="PointToOneVerticesAndPointedByAnotherOne" status="run" time="0" classname="Test_Graph" />
    <testcase name="HasCycleWithThreeVertices" status="run" time="0.002" classname="Test_Graph">
      <failure message="E:\Artificial Intelligence\Project\Third Part\googletest\src/gtest.cc:2301&#x0A;Failed&#x0A;All tests in the same test case must use the same test fixture&#x0A;class, so mixing TEST_F and TEST in the same test case is&#x0A;illegal.  In test case Test_Graph,&#x0A;test HasCycleWithThreeVertices is defined using TEST_F but&#x0A;test PointToTwoVertices is defined using TEST.  You probably&#x0A;want to change the TEST to TEST_F or move it to another test&#x0A;case." type=""><![CDATA[E:\Artificial Intelligence\Project\Third Part\googletest\src/gtest.cc:2301
Failed
All tests in the same test case must use the same test fixture
class, so mixing TEST_F and TEST in the same test case is
illegal.  In test case Test_Graph,
test HasCycleWithThreeVertices is defined using TEST_F but
test PointToTwoVertices is defined using TEST.  You probably
want to change the TEST to TEST_F or move it to another test
case.]]></failure>
    </testcase>
    <testcase name="HasCycleAroundAVertex" status="run" time="0.002" classname="Test_Graph">
      <failure message="E:\Artificial Intelligence\Project\Third Part\googletest\src/gtest.cc:2301&#x0A;Failed&#x0A;All tests in the same test case must use the same test fixture&#x0A;class, so mixing TEST_F and TEST in the same test case is&#x0A;illegal.  In test case Test_Graph,&#x0A;test HasCycleAroundAVertex is defined using TEST_F but&#x0A;test PointToTwoVertices is defined using TEST.  You probably&#x0A;want to change the TEST to TEST_F or move it to another test&#x0A;case." type=""><![CDATA[E:\Artificial Intelligence\Project\Third Part\googletest\src/gtest.cc:2301
Failed
All tests in the same test case must use the same test fixture
class, so mixing TEST_F and TEST in the same test case is
illegal.  In test case Test_Graph,
test HasCycleAroundAVertex is defined using TEST_F but
test PointToTwoVertices is defined using TEST.  You probably
want to change the TEST to TEST_F or move it to another test
case.]]></failure>
    </testcase>
    <testcase name="HasNoCycle" status="run" time="0.001" classname="Test_Graph">
      <failure message="E:\Artificial Intelligence\Project\Third Part\googletest\src/gtest.cc:2301&#x0A;Failed&#x0A;All tests in the same test case must use the same test fixture&#x0A;class, so mixing TEST_F and TEST in the same test case is&#x0A;illegal.  In test case Test_Graph,&#x0A;test HasNoCycle is defined using TEST_F but&#x0A;test PointToTwoVertices is defined using TEST.  You probably&#x0A;want to change the TEST to TEST_F or move it to another test&#x0A;case." type=""><![CDATA[E:\Artificial Intelligence\Project\Third Part\googletest\src/gtest.cc:2301
Failed
All tests in the same test case must use the same test fixture
class, so mixing TEST_F and TEST in the same test case is
illegal.  In test case Test_Graph,
test HasNoCycle is defined using TEST_F but
test PointToTwoVertices is defined using TEST.  You probably
want to change the TEST to TEST_F or move it to another test
case.]]></failure>
    </testcase>
    <testcase name="GenerateSubGraphOfDisconnectedGraph" status="run" time="0.001" classname="Test_Graph">
      <failure message="E:\Artificial Intelligence\Project\Third Part\googletest\src/gtest.cc:2301&#x0A;Failed&#x0A;All tests in the same test case must use the same test fixture&#x0A;class, so mixing TEST_F and TEST in the same test case is&#x0A;illegal.  In test case Test_Graph,&#x0A;test GenerateSubGraphOfDisconnectedGraph is defined using TEST_F but&#x0A;test PointToTwoVertices is defined using TEST.  You probably&#x0A;want to change the TEST to TEST_F or move it to another test&#x0A;case." type=""><![CDATA[E:\Artificial Intelligence\Project\Third Part\googletest\src/gtest.cc:2301
Failed
All tests in the same test case must use the same test fixture
class, so mixing TEST_F and TEST in the same test case is
illegal.  In test case Test_Graph,
test GenerateSubGraphOfDisconnectedGraph is defined using TEST_F but
test PointToTwoVertices is defined using TEST.  You probably
want to change the TEST to TEST_F or move it to another test
case.]]></failure>
    </testcase>
    <testcase name="GenerateSubGraphOfDisconnectedGraph2" status="run" time="0.001" classname="Test_Graph">
      <failure message="E:\Artificial Intelligence\Project\Third Part\googletest\src/gtest.cc:2301&#x0A;Failed&#x0A;All tests in the same test case must use the same test fixture&#x0A;class, so mixing TEST_F and TEST in the same test case is&#x0A;illegal.  In test case Test_Graph,&#x0A;test GenerateSubGraphOfDisconnectedGraph2 is defined using TEST_F but&#x0A;test PointToTwoVertices is defined using TEST.  You probably&#x0A;want to change the TEST to TEST_F or move it to another test&#x0A;case." type=""><![CDATA[E:\Artificial Intelligence\Project\Third Part\googletest\src/gtest.cc:2301
Failed
All tests in the same test case must use the same test fixture
class, so mixing TEST_F and TEST in the same test case is
illegal.  In test case Test_Graph,
test GenerateSubGraphOfDisconnectedGraph2 is defined using TEST_F but
test PointToTwoVertices is defined using TEST.  You probably
want to change the TEST to TEST_F or move it to another test
case.]]></failure>
    </testcase>
  </testsuite>
</testsuites>
