<?xml version="1.0" encoding="UTF-8"?>
<testsuites tests="175" failures="2" disabled="6" errors="0" timestamp="2017-06-10T21:56:06" time="8.709" name="AllTests">
  <testsuite name="Preparation" tests="8" failures="0" disabled="0" errors="0" time="0.02">
    <testcase name="GrammarFeatureTrainer_CollectGrammarFeatures" status="run" time="0.001" classname="Preparation" />
    <testcase name="GrammarFeatureTrainer_ComputeWeights" status="run" time="0.002" classname="Preparation" />
    <testcase name="GrammarModelTrainer_OptimizeWeights" status="run" time="0.002" classname="Preparation" />
    <testcase name="CollectNewBaseConcept" status="run" time="0.002" classname="Preparation" />
    <testcase name="ChangePrimaryKeyToHash" status="run" time="0.001" classname="Preparation" />
    <testcase name="ReadConceptConnectionFromFile" status="run" time="0.001" classname="Preparation" />
    <testcase name="RefreshConceptConnection" status="run" time="0.002" classname="Preparation" />
    <testcase name="TestPOS" status="run" time="0.002" classname="Preparation" />
  </testsuite>
  <testsuite name="TestAlgorithm" tests="2" failures="0" disabled="0" errors="0" time="0.013">
    <testcase name="TestPOSTagging" status="run" time="0.005" classname="TestAlgorithm" />
    <testcase name="TestPOSTagging_OneSentence" status="run" time="0.004" classname="TestAlgorithm" />
  </testsuite>
  <testsuite name="MemoryLeak" tests="4" failures="0" disabled="0" errors="0" time="0.152">
    <testcase name="ConceptSet" status="run" time="0.001" classname="MemoryLeak" />
    <testcase name="GrammarSet" status="run" time="0.049" classname="MemoryLeak" />
    <testcase name="Cerebrum" status="run" time="0.097" classname="MemoryLeak" />
    <testcase name="LogicKnowledge" status="run" time="0" classname="MemoryLeak" />
  </testsuite>
  <testsuite name="Test_CommonStringFunction" tests="3" failures="0" disabled="0" errors="0" time="0.004">
    <testcase name="TrimBeginEndBlank" status="run" time="0" classname="Test_CommonStringFunction" />
    <testcase name="StringFormat" status="run" time="0" classname="Test_CommonStringFunction" />
    <testcase name="GenerateHash" status="run" time="0" classname="Test_CommonStringFunction" />
  </testsuite>
  <testsuite name="Test_DBoperator" tests="6" failures="0" disabled="0" errors="0" time="0.023">
    <testcase name="QueryRowCount" status="run" time="0.001" classname="Test_DBoperator" />
    <testcase name="GetRow1" status="run" time="0.001" classname="Test_DBoperator" />
    <testcase name="GetRow2" status="run" time="0.001" classname="Test_DBoperator" />
    <testcase name="EmptyLongInRow" status="run" time="0.002" classname="Test_DBoperator" />
    <testcase name="InsertRow" status="run" time="0.013" classname="Test_DBoperator" />
    <testcase name="ttt" status="run" time="0.001" classname="Test_DBoperator" />
  </testsuite>
  <testsuite name="Test_Database" tests="17" failures="0" disabled="0" errors="0" time="0.372">
    <testcase name="ReadWriteGrammarFeatureModelWeight" status="run" time="0.02" classname="Test_Database" />
    <testcase name="ReadWriteGrammarLocalModelWeight" status="run" time="0.014" classname="Test_Database" />
    <testcase name="ReadWriteGrammarPatternModelWeight" status="run" time="0.016" classname="Test_Database" />
    <testcase name="ReadWriteGrammarFeatureWeights" status="run" time="0.032" classname="Test_Database" />
    <testcase name="ReadWriteBaseConcept" status="run" time="0.018" classname="Test_Database" />
    <testcase name="ReadWriteNonBaseConcept" status="run" time="0.019" classname="Test_Database" />
    <testcase name="ReadWriteNonBaseConcept_IDAutomaticallyIncrease" status="run" time="0.018" classname="Test_Database" />
    <testcase name="GetBaseConceptCount" status="run" time="0.02" classname="Test_Database" />
    <testcase name="HasWord_ConceptDatabase" status="run" time="0.011" classname="Test_Database" />
    <testcase name="NotHasWord_ConceptDatabase" status="run" time="0.017" classname="Test_Database" />
    <testcase name="HasString_ConceptDatabase" status="run" time="0.018" classname="Test_Database" />
    <testcase name="GetConceptsWithHead" status="run" time="0.026" classname="Test_Database" />
    <testcase name="GetConceptsWithWord" status="run" time="0.022" classname="Test_Database" />
    <testcase name="FailToAddConnectionIfThereIsNoConceptInConceptTable" status="run" time="0.023" classname="Test_Database" />
    <testcase name="AddConnectionIfConceptHasNoSuchConnection" status="run" time="0.021" classname="Test_Database" />
    <testcase name="AddModificationWithOnePair" status="run" time="0.033" classname="Test_Database" />
    <testcase name="AddModificationWithTwoPair" status="run" time="0.025" classname="Test_Database" />
  </testsuite>
  <testsuite name="Test_Database_Normal" tests="3" failures="0" disabled="0" errors="0" time="0.007">
    <testcase name="GetNonBaseConcept_WithNoMod" status="run" time="0.001" classname="Test_Database_Normal" />
    <testcase name="GetNonBaseConcept_WithOneSingleMod" status="run" time="0.001" classname="Test_Database_Normal" />
    <testcase name="GetNonBaseConcept_WithTwoSingleMod" status="run" time="0.003" classname="Test_Database_Normal" />
  </testsuite>
  <testsuite name="Test_GrammarLocalModel" tests="1" failures="0" disabled="0" errors="0" time="0.001">
    <testcase name="POSwithNoLocalDistribution" status="run" time="0" classname="Test_GrammarLocalModel" />
  </testsuite>
  <testsuite name="Test_GrammarFeatureModel" tests="3" failures="2" disabled="0" errors="0" time="0.352">
    <testcase name="ComputePossibility0" status="run" time="0.173" classname="Test_GrammarFeatureModel">
      <failure message="Test_GrammarModel.cpp:51&#x0A;      Expected: _samples[0].expectOptimal&#x0A;      Which is: &quot;\xB2\xBB/6 \xBB\xE1/1 \xD5\xE6/6 \xD0\xC5/1 \xC1\xCB/9 \xB0\xC9/11&quot;&#x0A;To be equal to: optimal&#x0A;      Which is: &quot;\xB2\xBB/6 \xBB\xE1/1 \xD5\xE6/2 \xD0\xC5/0 \xC1\xCB/9 \xB0\xC9/11&quot;&#x0A;The optimal sentence is /6 /1 /2 /0 /9 /11" type=""><![CDATA[Test_GrammarModel.cpp:51
      Expected: _samples[0].expectOptimal
      Which is: "\xB2\xBB/6 \xBB\xE1/1 \xD5\xE6/6 \xD0\xC5/1 \xC1\xCB/9 \xB0\xC9/11"
To be equal to: optimal
      Which is: "\xB2\xBB/6 \xBB\xE1/1 \xD5\xE6/2 \xD0\xC5/0 \xC1\xCB/9 \xB0\xC9/11"
The optimal sentence is /6 /1 /2 /0 /9 /11]]></failure>
    </testcase>
    <testcase name="ComputePossibility1" status="run" time="0.117" classname="Test_GrammarFeatureModel">
      <failure message="Test_GrammarModel.cpp:59&#x0A;      Expected: _samples[1].expectOptimal&#x0A;      Which is: &quot;\xC4\xC7/8 \xC4\xE3/5 \xC1\xCB\xBD\xE2/1 \xD2\xBB\xCF\xC2/3 \xB0\xC9/11&quot;&#x0A;To be equal to: optimal&#x0A;      Which is: &quot;\xC4\xC7/5 \xC4\xE3/5 \xC1\xCB\xBD\xE2/1 \xD2\xBB\xCF\xC2/3 \xB0\xC9/11&quot;&#x0A;The optimal sentence is /5 /5 /1 /3 /11" type=""><![CDATA[Test_GrammarModel.cpp:59
      Expected: _samples[1].expectOptimal
      Which is: "\xC4\xC7/8 \xC4\xE3/5 \xC1\xCB\xBD\xE2/1 \xD2\xBB\xCF\xC2/3 \xB0\xC9/11"
To be equal to: optimal
      Which is: "\xC4\xC7/5 \xC4\xE3/5 \xC1\xCB\xBD\xE2/1 \xD2\xBB\xCF\xC2/3 \xB0\xC9/11"
The optimal sentence is /5 /5 /1 /3 /11]]></failure>
    </testcase>
    <testcase name="ComputePossibility2" status="run" time="0.054" classname="Test_GrammarFeatureModel" />
  </testsuite>
  <testsuite name="Test_iRelation" tests="17" failures="0" disabled="0" errors="0" time="0.107">
    <testcase name="GetString1" status="run" time="0" classname="Test_iRelation" />
    <testcase name="GetString2" status="run" time="0" classname="Test_iRelation" />
    <testcase name="RelationLeafSatisfy" status="run" time="0" classname="Test_iRelation" />
    <testcase name="RelationLeafSatisfy2" status="run" time="0" classname="Test_iRelation" />
    <testcase name="RelationLeafSatisfy3" status="run" time="0" classname="Test_iRelation" />
    <testcase name="RelationLeafSatisfy4" status="run" time="0" classname="Test_iRelation" />
    <testcase name="RelationLeafSatisfy5" status="run" time="0" classname="Test_iRelation" />
    <testcase name="RelationLeafSatisfy6" status="run" time="0" classname="Test_iRelation" />
    <testcase name="Test_RelationNodeSatisfy" status="run" time="0" classname="Test_iRelation" />
    <testcase name="Test_RelationNodeSatisfy2" status="run" time="0" classname="Test_iRelation" />
    <testcase name="Test_RelationNodeSatisfy3" status="run" time="0.001" classname="Test_iRelation" />
    <testcase name="Test_RelationNodeSatisfy4" status="run" time="0.001" classname="Test_iRelation" />
    <testcase name="Test_RelationNodeSatisfy5" status="run" time="0" classname="Test_iRelation" />
    <testcase name="Test_RelationNodeSatisfy6" status="run" time="0" classname="Test_iRelation" />
    <testcase name="Test_RelationNodeSatisfy7" status="run" time="0" classname="Test_iRelation" />
    <testcase name="Test_RelationSingleNode_GenerateSingleConcept" status="run" time="0.093" classname="Test_iRelation" />
    <testcase name="GenerateConceptTable" status="run" time="0" classname="Test_iRelation" />
  </testsuite>
  <testsuite name="Test_RelationNeedCerebrum" tests="2" failures="0" disabled="0" errors="0" time="0.168">
    <testcase name="iRelationResonance" status="run" time="0.083" classname="Test_RelationNeedCerebrum" />
    <testcase name="PlusOfNumber" status="run" time="0.084" classname="Test_RelationNeedCerebrum" />
  </testsuite>
  <testsuite name="Test_LogicKnowledgeInitializer" tests="2" failures="0" disabled="0" errors="0" time="0.168">
    <testcase name="ParseRelation" status="run" time="0.077" classname="Test_LogicKnowledgeInitializer" />
    <testcase name="ParseLogicStatement" status="run" time="0.089" classname="Test_LogicKnowledgeInitializer" />
  </testsuite>
  <testsuite name="TestF_Logic" tests="1" failures="0" disabled="0" errors="0" time="0.093">
    <testcase name="Determine" status="run" time="0.092" classname="TestF_Logic" />
  </testsuite>
  <testsuite name="Test_Number" tests="2" failures="0" disabled="0" errors="0" time="0.162">
    <testcase name="Match" status="run" time="0.079" classname="Test_Number" />
    <testcase name="ToInt" status="run" time="0.082" classname="Test_Number" />
  </testsuite>
  <testsuite name="Test_Verb" tests="1" failures="0" disabled="0" errors="0" time="0.077">
    <testcase name="Match" status="run" time="0.076" classname="Test_Verb" />
  </testsuite>
  <testsuite name="Test_LogicStatement" tests="6" failures="0" disabled="0" errors="0" time="0.536">
    <testcase name="Deduce" status="run" time="0.088" classname="Test_LogicStatement" />
    <testcase name="Deduce2" status="run" time="0.081" classname="Test_LogicStatement" />
    <testcase name="Deduce3" status="run" time="0.092" classname="Test_LogicStatement" />
    <testcase name="Deduce4" status="run" time="0.094" classname="Test_LogicStatement" />
    <testcase name="Deduce_SingleResult_NoRemainingPart" status="run" time="0.083" classname="Test_LogicStatement" />
    <testcase name="Deduce_SingleResult_RemainingPart" status="run" time="0.089" classname="Test_LogicStatement" />
  </testsuite>
  <testsuite name="Test_Matrix" tests="5" failures="0" disabled="0" errors="0" time="0.004">
    <testcase name="Multiply" status="run" time="0" classname="Test_Matrix" />
    <testcase name="Multiply2" status="run" time="0" classname="Test_Matrix" />
    <testcase name="Multiply3" status="run" time="0" classname="Test_Matrix" />
    <testcase name="VecMultiplyMatrix" status="run" time="0" classname="Test_Matrix" />
    <testcase name="MatrixMultiplyVec" status="run" time="0" classname="Test_Matrix" />
  </testsuite>
  <testsuite name="Test_SubSequence" tests="4" failures="0" disabled="0" errors="0" time="0.002">
    <testcase name="FindLongestCommonSubsequence" status="run" time="0" classname="Test_SubSequence" />
    <testcase name="FindLongestCommonSubsequence2" status="run" time="0" classname="Test_SubSequence" />
    <testcase name="FindAllCommonSubsequence" status="run" time="0" classname="Test_SubSequence" />
    <testcase name="FindAllCommonSubsequence2" status="run" time="0" classname="Test_SubSequence" />
  </testsuite>
  <testsuite name="Test_IsSubsequence" tests="2" failures="0" disabled="0" errors="0" time="0.001">
    <testcase name="IsSubsequence" status="run" time="0" classname="Test_IsSubsequence" />
    <testcase name="IsSubsequence2" status="run" time="0" classname="Test_IsSubsequence" />
  </testsuite>
  <testsuite name="Test_GetAllCombinations" tests="2" failures="0" disabled="0" errors="0" time="0.002">
    <testcase name="GetAllCombinations" status="run" time="0" classname="Test_GetAllCombinations" />
    <testcase name="GetAllCombinations2" status="run" time="0.001" classname="Test_GetAllCombinations" />
  </testsuite>
  <testsuite name="Test_GetAllSubSequence" tests="1" failures="0" disabled="0" errors="0" time="0.001">
    <testcase name="GetAllSubSequence" status="run" time="0" classname="Test_GetAllSubSequence" />
  </testsuite>
  <testsuite name="Test_Rand" tests="4" failures="0" disabled="0" errors="0" time="0.043">
    <testcase name="GetRandInt" status="run" time="0.009" classname="Test_Rand" />
    <testcase name="GetRandInt2" status="run" time="0.009" classname="Test_Rand" />
    <testcase name="GetRandInt3" status="run" time="0.009" classname="Test_Rand" />
    <testcase name="GetRandInt4" status="run" time="0.009" classname="Test_Rand" />
  </testsuite>
  <testsuite name="Test_MyInt" tests="3" failures="0" disabled="0" errors="0" time="0.002">
    <testcase name="MyInt" status="run" time="0" classname="Test_MyInt" />
    <testcase name="MinusNumber" status="run" time="0" classname="Test_MyInt" />
    <testcase name="LongNumber" status="run" time="0" classname="Test_MyInt" />
  </testsuite>
  <testsuite name="Test_Cerebrum" tests="5" failures="0" disabled="0" errors="0" time="1.464">
    <testcase name="IsInMind_Punctuation" status="run" time="0.076" classname="Test_Cerebrum" />
    <testcase name="GetAllKindsofWord_Punctuation" status="run" time="0.074" classname="Test_Cerebrum" />
    <testcase name="FindConceptWithMatchedDisc" status="run" time="1.159" classname="Test_Cerebrum" />
    <testcase name="MaxLength_WordWithHead" status="run" time="0.077" classname="Test_Cerebrum" />
    <testcase name="GetAllKindsofWord" status="run" time="0.075" classname="Test_Cerebrum" />
  </testsuite>
  <testsuite name="Test_ConceptSetInitializer" tests="3" failures="0" disabled="0" errors="0" time="0.01">
    <testcase name="ParseStrToConnectionInfo" status="run" time="0.003" classname="Test_ConceptSetInitializer" />
    <testcase name="ParseStrToConnectionInfo2" status="run" time="0.003" classname="Test_ConceptSetInitializer" />
    <testcase name="ParseStrToConnectionInfo3" status="run" time="0.003" classname="Test_ConceptSetInitializer" />
  </testsuite>
  <testsuite name="MindElementCreator" tests="1" failures="0" disabled="0" errors="0" time="0">
    <testcase name="CreateBaseConceptFromDBRow" status="run" time="0" classname="MindElementCreator" />
  </testsuite>
  <testsuite name="DISABLED_Test_NeuralNetworkDesign" tests="6" failures="0" disabled="6" errors="0" time="0">
    <testcase name="PerceptronNetwork1" status="notrun" time="0" classname="DISABLED_Test_NeuralNetworkDesign" />
    <testcase name="PerceptronNetwork2" status="notrun" time="0" classname="DISABLED_Test_NeuralNetworkDesign" />
    <testcase name="ADALINENetwork" status="notrun" time="0" classname="DISABLED_Test_NeuralNetworkDesign" />
    <testcase name="CompetitiveNetwork" status="notrun" time="0" classname="DISABLED_Test_NeuralNetworkDesign" />
    <testcase name="Connectivity" status="notrun" time="0" classname="DISABLED_Test_NeuralNetworkDesign" />
    <testcase name="SearchingParameter" status="notrun" time="0" classname="DISABLED_Test_NeuralNetworkDesign" />
  </testsuite>
  <testsuite name="Test_NeuralNetworkDesign" tests="2" failures="0" disabled="0" errors="0" time="0.1">
    <testcase name="MultilayerNetwork" status="run" time="0.055" classname="Test_NeuralNetworkDesign" />
    <testcase name="MOBP" status="run" time="0.045" classname="Test_NeuralNetworkDesign" />
  </testsuite>
  <testsuite name="Test_NumericalOptimization" tests="1" failures="0" disabled="0" errors="0" time="0.001">
    <testcase name="NonlinearlyConstrainedProblem" status="run" time="0" classname="Test_NumericalOptimization" />
  </testsuite>
  <testsuite name="Test_ExtractConceptChains" tests="2" failures="0" disabled="0" errors="0" time="0.002">
    <testcase name="Extract1" status="run" time="0" classname="Test_ExtractConceptChains" />
    <testcase name="Extract2" status="run" time="0" classname="Test_ExtractConceptChains" />
  </testsuite>
  <testsuite name="Test_Punctuation" tests="3" failures="0" disabled="0" errors="0" time="0.002">
    <testcase name="Punctuate1" status="run" time="0" classname="Test_Punctuation" />
    <testcase name="Punctuate2" status="run" time="0" classname="Test_Punctuation" />
    <testcase name="Punctuate3" status="run" time="0" classname="Test_Punctuation" />
  </testsuite>
  <testsuite name="Test_Segmentation" tests="8" failures="0" disabled="0" errors="0" time="0.673">
    <testcase name="ForwardSegment1" status="run" time="0.085" classname="Test_Segmentation" />
    <testcase name="ForwardSegment2" status="run" time="0.081" classname="Test_Segmentation" />
    <testcase name="ForwardSegment3" status="run" time="0.075" classname="Test_Segmentation" />
    <testcase name="BackwardSegment1" status="run" time="0.082" classname="Test_Segmentation" />
    <testcase name="BackwardSegment2" status="run" time="0.082" classname="Test_Segmentation" />
    <testcase name="BackwardSegment3" status="run" time="0.076" classname="Test_Segmentation" />
    <testcase name="WithPunctuation" status="run" time="0.077" classname="Test_Segmentation" />
    <testcase name="LongSentence" status="run" time="0.108" classname="Test_Segmentation" />
  </testsuite>
  <testsuite name="Test_WordRelationTableBuilder" tests="1" failures="0" disabled="0" errors="0" time="0.523">
    <testcase name="Analyze" status="run" time="0.522" classname="Test_WordRelationTableBuilder" />
  </testsuite>
  <testsuite name="Test_StructureAnalyzer" tests="1" failures="0" disabled="0" errors="0" time="0.518">
    <testcase name="Analyze" status="run" time="0.515" classname="Test_StructureAnalyzer" />
  </testsuite>
  <testsuite name="Test_Mind/Test_Concept" tests="3" failures="0" disabled="0" errors="0" time="0.255">
    <testcase name="DeepInteraction/0" value_param="104-byte object &lt;B0-AE 00-3A 5C-50 72-6F 67-72 61-6D 44-61 74-61 02-00 00-00 00-00 00-00 0F-00 00-00 00-00 00-00 00-00 00-00 6D-69 6E-69 C4-E3 00-61 74-6F 72-5C 41-70 70-44 61-74 61-5C 02-00 00-00 00-00 00-00 0F-00 00-00 00-00 00-00 00-00 00-00 6D-46 69-6C 00-DE 3D-00 00-00 00-00 00-DF 3D-00 00-00 00-00 00-DF 3D-00 00-00 00-00&gt;" status="run" time="0.088" classname="Test_Mind/Test_Concept" />
    <testcase name="DeepInteraction/1" value_param="104-byte object &lt;B2-BB 00-3A 5C-50 72-6F 67-72 61-6D 44-61 74-61 02-00 00-00 00-00 00-00 0F-00 00-00 00-00 00-00 00-00 00-00 6D-69 6E-69 C0-CF 00-61 74-6F 72-5C 41-70 70-44 61-74 61-5C 02-00 00-00 00-00 00-00 0F-00 00-00 00-00 00-00 00-00 00-00 6D-46 69-6C C0-9C 3D-00 00-00 00-00 40-9D 3D-00 00-00 00-00 40-9D 3D-00 00-00 00-00&gt;" status="run" time="0.076" classname="Test_Mind/Test_Concept" />
    <testcase name="DeepInteraction/2" value_param="104-byte object &lt;C8-FD 00-3A 5C-50 72-6F 67-72 61-6D 44-61 74-61 02-00 00-00 00-00 00-00 0F-00 00-00 00-00 00-00 00-00 00-00 6D-69 6E-69 B4-F3 00-61 74-6F 72-5C 41-70 70-44 61-74 61-5C 02-00 00-00 00-00 00-00 0F-00 00-00 00-00 00-00 00-00 00-00 6D-46 69-6C B0-11 3B-00 00-00 00-00 70-12 3B-00 00-00 00-00 70-12 3B-00 00-00 00-00&gt;" status="run" time="0.087" classname="Test_Mind/Test_Concept" />
  </testsuite>
  <testsuite name="Test_ConceptInteractTable/Test_Similarity" tests="3" failures="0" disabled="0" errors="0" time="0.003">
    <testcase name="Similarity/0" value_param="72-byte object &lt;A0-97 3D-00 00-00 00-00 10-CE 3D-00 00-00 00-00 17-00 00-00 00-00 00-00 1F-00 00-00 00-00 00-00 B0-96 3D-00 00-00 00-00 00-00 00-00 00-00 00-00 17-00 00-00 00-00 00-00 1F-00 00-00 00-00 00-00 00-00 00-00 00-00 E0-3F&gt;" status="run" time="0.001" classname="Test_ConceptInteractTable/Test_Similarity" />
    <testcase name="Similarity/1" value_param="72-byte object &lt;A0-97 3D-00 00-00 00-00 10-CE 3D-00 00-00 00-00 17-00 00-00 00-00 00-00 1F-00 00-00 00-00 00-00 B0-96 3D-00 00-00 00-00 00-00 00-00 00-00 00-00 17-00 00-00 00-00 00-00 1F-00 00-00 00-00 00-00 00-00 00-00 00-00 E0-3F&gt;" status="run" time="0" classname="Test_ConceptInteractTable/Test_Similarity" />
    <testcase name="Similarity/2" value_param="72-byte object &lt;D2-BB 2D-B6 FE-2C B6-FE 2D-C8 FD-00 00-00 00-00 0B-00 00-00 00-00 00-00 0F-00 00-00 00-00 00-00 D2-BB 2D-B6 FE-2C B6-FE 2D-C8 FD-00 00-00 00-00 0B-00 00-00 00-00 00-00 0F-00 00-00 00-00 00-00 00-00 00-00 00-00 F0-3F&gt;" status="run" time="0" classname="Test_ConceptInteractTable/Test_Similarity" />
  </testsuite>
  <testsuite name="Test_GrammarFeature/Test_FindFeatures" tests="5" failures="0" disabled="0" errors="0" time="0.003">
    <testcase name="Sentence1/0" value_param="24-byte object &lt;80-AE 3C-00 00-00 00-00 70-AE 3C-00 00-00 00-00 07-00 00-00 00-00 00-00&gt;" status="run" time="0" classname="Test_GrammarFeature/Test_FindFeatures" />
    <testcase name="Sentence1/1" value_param="24-byte object &lt;40-AF 3C-00 00-00 00-00 30-AF 3C-00 00-00 00-00 06-00 00-00 00-00 00-00&gt;" status="run" time="0" classname="Test_GrammarFeature/Test_FindFeatures" />
    <testcase name="Sentence1/2" value_param="24-byte object &lt;A0-AE 3C-00 00-00 00-00 90-AE 3C-00 00-00 00-00 05-00 00-00 00-00 00-00&gt;" status="run" time="0" classname="Test_GrammarFeature/Test_FindFeatures" />
    <testcase name="Sentence1/3" value_param="24-byte object &lt;60-AF 3C-00 00-00 00-00 50-AF 3C-00 00-00 00-00 06-00 00-00 00-00 00-00&gt;" status="run" time="0" classname="Test_GrammarFeature/Test_FindFeatures" />
    <testcase name="Sentence1/4" value_param="24-byte object &lt;80-AF 3C-00 00-00 00-00 70-AF 3C-00 00-00 00-00 06-00 00-00 00-00 00-00&gt;" status="run" time="0" classname="Test_GrammarFeature/Test_FindFeatures" />
  </testsuite>
  <testsuite name="Test_GrammarFeature/Test_FeatureCount" tests="10" failures="0" disabled="0" errors="0" time="0.005">
    <testcase name="Sentence1/0" value_param="24-byte object &lt;20-97 3D-00 00-00 00-00 10-97 3D-00 00-00 00-00 02-00 00-00 00-00 00-00&gt;" status="run" time="0" classname="Test_GrammarFeature/Test_FeatureCount" />
    <testcase name="Sentence1/1" value_param="24-byte object &lt;60-96 3D-00 00-00 00-00 50-96 3D-00 00-00 00-00 02-00 00-00 00-00 00-00&gt;" status="run" time="0" classname="Test_GrammarFeature/Test_FeatureCount" />
    <testcase name="Sentence1/2" value_param="24-byte object &lt;90-96 3D-00 00-00 00-00 80-96 3D-00 00-00 00-00 01-00 00-00 00-00 00-00&gt;" status="run" time="0" classname="Test_GrammarFeature/Test_FeatureCount" />
    <testcase name="Sentence1/3" value_param="24-byte object &lt;20-E5 3D-00 00-00 00-00 10-E5 3D-00 00-00 00-00 01-00 00-00 00-00 00-00&gt;" status="run" time="0" classname="Test_GrammarFeature/Test_FeatureCount" />
    <testcase name="Sentence1/4" value_param="24-byte object &lt;C0-E7 3D-00 00-00 00-00 B0-E7 3D-00 00-00 00-00 02-00 00-00 00-00 00-00&gt;" status="run" time="0" classname="Test_GrammarFeature/Test_FeatureCount" />
    <testcase name="Sentence1/5" value_param="24-byte object &lt;B0-E8 3D-00 00-00 00-00 A0-E8 3D-00 00-00 00-00 01-00 00-00 00-00 00-00&gt;" status="run" time="0" classname="Test_GrammarFeature/Test_FeatureCount" />
    <testcase name="Sentence1/6" value_param="24-byte object &lt;20-32 3C-00 00-00 00-00 10-32 3C-00 00-00 00-00 01-00 00-00 00-00 00-00&gt;" status="run" time="0" classname="Test_GrammarFeature/Test_FeatureCount" />
    <testcase name="Sentence1/7" value_param="24-byte object &lt;E0-E8 3D-00 00-00 00-00 D0-E8 3D-00 00-00 00-00 01-00 00-00 00-00 00-00&gt;" status="run" time="0" classname="Test_GrammarFeature/Test_FeatureCount" />
    <testcase name="Sentence1/8" value_param="24-byte object &lt;10-E9 3D-00 00-00 00-00 00-E9 3D-00 00-00 00-00 01-00 00-00 00-00 00-00&gt;" status="run" time="0" classname="Test_GrammarFeature/Test_FeatureCount" />
    <testcase name="Sentence1/9" value_param="24-byte object &lt;70-E9 3D-00 00-00 00-00 60-E9 3D-00 00-00 00-00 01-00 00-00 00-00 00-00&gt;" status="run" time="0" classname="Test_GrammarFeature/Test_FeatureCount" />
  </testsuite>
  <testsuite name="Test_GrammarFeature/Test_ReadWriteDB" tests="5" failures="0" disabled="0" errors="0" time="0.047">
    <testcase name="WriteToDBAndRead/0" value_param="16-byte object &lt;30-B0 3C-00 00-00 00-00 50-B0 3C-00 00-00 00-00&gt;" status="run" time="0.007" classname="Test_GrammarFeature/Test_ReadWriteDB" />
    <testcase name="WriteToDBAndRead/1" value_param="16-byte object &lt;B0-AF 3C-00 00-00 00-00 D0-AF 3C-00 00-00 00-00&gt;" status="run" time="0.011" classname="Test_GrammarFeature/Test_ReadWriteDB" />
    <testcase name="WriteToDBAndRead/2" value_param="16-byte object &lt;70-B0 3C-00 00-00 00-00 90-B0 3C-00 00-00 00-00&gt;" status="run" time="0.011" classname="Test_GrammarFeature/Test_ReadWriteDB" />
    <testcase name="WriteToDBAndRead/3" value_param="16-byte object &lt;B0-B0 3C-00 00-00 00-00 D0-B0 3C-00 00-00 00-00&gt;" status="run" time="0.009" classname="Test_GrammarFeature/Test_ReadWriteDB" />
    <testcase name="WriteToDBAndRead/4" value_param="16-byte object &lt;F0-B0 3C-00 00-00 00-00 10-B1 3C-00 00-00 00-00&gt;" status="run" time="0.005" classname="Test_GrammarFeature/Test_ReadWriteDB" />
  </testsuite>
  <testsuite name="Test_Logic/Test_FinalDeduce" tests="2" failures="0" disabled="0" errors="0" time="0.042">
    <testcase name="FinalDeduce/0" value_param="136-byte object &lt;B6-FE 2D-BC D3-2C BC-D3 2D-C8 FD-00 00-00 00-00 0B-00 00-00 00-00 00-00 0F-00 00-00 00-00 00-00 10-51 3C-00 00-00 00-00 30-52 3C-00 00-00 00-00 30-52 3C-00 00-00 00-00 A0-9B 3D-00 00-00 00-00 ... 20-9C 3D-00 00-00 00-00 00-00 00-00 00-00 00-00 00-00 00-00 00-00 00-00 00-00 00-00 00-00 00-00 CE-E5 00-00 00-00 00-00 00-00 00-00 00-00 00-00 02-00 00-00 00-00 00-00 0F-00 00-00 00-00 00-00&gt;" status="run" time="0.024" classname="Test_Logic/Test_FinalDeduce" />
    <testcase name="FinalDeduce/1" value_param="136-byte object &lt;B6-FE 2D-B3 CB-2C B3-CB 2D-C8 FD-00 00-00 00-00 0B-00 00-00 00-00 00-00 0F-00 00-00 00-00 00-00 D0-4D 3E-00 00-00 00-00 90-4E 3E-00 00-00 00-00 90-4E 3E-00 00-00 00-00 A0-9B 3D-00 00-00 00-00 ... 20-9C 3D-00 00-00 00-00 00-00 00-00 00-00 00-00 00-00 00-00 00-00 00-00 00-00 00-00 00-00 00-00 C1-F9 00-00 00-00 00-00 00-00 00-00 00-00 00-00 02-00 00-00 00-00 00-00 0F-00 00-00 00-00 00-00&gt;" status="run" time="0.018" classname="Test_Logic/Test_FinalDeduce" />
  </testsuite>
  <testsuite name="Test_Logic/Test_ReduceFromMatchedConcept" tests="6" failures="0" disabled="0" errors="0" time="0.004">
    <testcase name="ReduceFromMatchedConcept/0" value_param="136-byte object &lt;90-31 3C-00 00-00 00-00 60-46 3E-00 00-00 00-00 90-32 3C-00 00-00 00-00 C0-46 3E-00 00-00 00-00 F0-CF 3D-00 00-00 00-00 30-D0 3D-00 00-00 00-00 30-D0 3D-00 00-00 00-00 E0-16 3E-00 00-00 00-00 ... 00-17 3E-00 00-00 00-00 A0-9B 3D-00 00-00 00-00 20-9C 3D-00 00-00 00-00 20-9C 3D-00 00-00 00-00 00-00 00-00 00-00 00-00 00-00 00-00 00-00 00-00 00-00 00-00 00-00 00-00 0F-00 00-00 00-00 00-00&gt;" status="run" time="0" classname="Test_Logic/Test_ReduceFromMatchedConcept" />
    <testcase name="ReduceFromMatchedConcept/1" value_param="136-byte object &lt;10-36 3C-00 00-00 00-00 A0-47 3E-00 00-00 00-00 90-36 3C-00 00-00 00-00 C0-47 3E-00 00-00 00-00 F0-CF 3D-00 00-00 00-00 30-D0 3D-00 00-00 00-00 30-D0 3D-00 00-00 00-00 00-00 00-00 00-00 00-00 ... 00-00 00-00 00-00 00-00 00-00 00-00 00-00 00-00 00-00 00-00 00-00 00-00 00-00 00-00 00-00 00-00 C8-FD 00-00 00-00 00-00 00-00 00-00 00-00 00-00 02-00 00-00 00-00 00-00 0F-00 00-00 00-00 00-00&gt;" status="run" time="0" classname="Test_Logic/Test_ReduceFromMatchedConcept" />
    <testcase name="ReduceFromMatchedConcept/2" value_param="136-byte object &lt;10-39 3C-00 00-00 00-00 60-48 3E-00 00-00 00-00 90-39 3C-00 00-00 00-00 80-48 3E-00 00-00 00-00 F0-CF 3D-00 00-00 00-00 30-D0 3D-00 00-00 00-00 30-D0 3D-00 00-00 00-00 E0-16 3E-00 00-00 00-00 ... 00-17 3E-00 00-00 00-00 00-00 00-00 00-00 00-00 00-00 00-00 00-00 00-00 00-00 00-00 00-00 00-00 00-FD 00-00 00-00 00-00 00-00 00-00 00-00 00-00 00-00 00-00 00-00 00-00 0F-00 00-00 00-00 00-00&gt;" status="run" time="0" classname="Test_Logic/Test_ReduceFromMatchedConcept" />
    <testcase name="ReduceFromMatchedConcept/3" value_param="136-byte object &lt;10-3D 3C-00 00-00 00-00 60-49 3E-00 00-00 00-00 90-3D 3C-00 00-00 00-00 80-49 3E-00 00-00 00-00 F0-CF 3D-00 00-00 00-00 30-D0 3D-00 00-00 00-00 30-D0 3D-00 00-00 00-00 E0-16 3E-00 00-00 00-00 ... 00-17 3E-00 00-00 00-00 A0-9B 3D-00 00-00 00-00 20-9C 3D-00 00-00 00-00 20-9C 3D-00 00-00 00-00 00-FD 00-00 00-00 00-00 00-00 00-00 00-00 00-00 00-00 00-00 00-00 00-00 0F-00 00-00 00-00 00-00&gt;" status="run" time="0" classname="Test_Logic/Test_ReduceFromMatchedConcept" />
    <testcase name="ReduceFromMatchedConcept/4" value_param="136-byte object &lt;00-61 3E-00 00-00 00-00 60-4A 3E-00 00-00 00-00 80-61 3E-00 00-00 00-00 80-4A 3E-00 00-00 00-00 F0-CF 3D-00 00-00 00-00 30-D0 3D-00 00-00 00-00 30-D0 3D-00 00-00 00-00 00-00 00-00 00-00 00-00 ... 00-00 00-00 00-00 00-00 00-00 00-00 00-00 00-00 00-00 00-00 00-00 00-00 00-00 00-00 00-00 00-00 C8-FD 00-00 00-00 00-00 00-00 00-00 00-00 00-00 02-00 00-00 00-00 00-00 0F-00 00-00 00-00 00-00&gt;" status="run" time="0" classname="Test_Logic/Test_ReduceFromMatchedConcept" />
    <testcase name="ReduceFromMatchedConcept/5" value_param="136-byte object &lt;00-64 3E-00 00-00 00-00 20-4B 3E-00 00-00 00-00 80-64 3E-00 00-00 00-00 40-4B 3E-00 00-00 00-00 F0-CF 3D-00 00-00 00-00 30-D0 3D-00 00-00 00-00 30-D0 3D-00 00-00 00-00 E0-16 3E-00 00-00 00-00 ... 00-17 3E-00 00-00 00-00 00-00 00-00 00-00 00-00 00-00 00-00 00-00 00-00 00-00 00-00 00-00 00-00 00-FD 00-00 00-00 00-00 00-00 00-00 00-00 00-00 00-00 00-00 00-00 00-00 0F-00 00-00 00-00 00-00&gt;" status="run" time="0" classname="Test_Logic/Test_ReduceFromMatchedConcept" />
  </testsuite>
  <testsuite name="Test_Logic/Test_Reduce" tests="3" failures="0" disabled="0" errors="0" time="0.002">
    <testcase name="Reduce/0" value_param="48-byte object &lt;D0-1A 3E-00 00-00 00-00 40-5F 3B-00 00-00 00-00 80-A7 3E-00 00-00 00-00 00-6E 3E-00 00-00 00-00 70-6E 3E-00 00-00 00-00 70-6E 3E-00 00-00 00-00&gt;" status="run" time="0" classname="Test_Logic/Test_Reduce" />
    <testcase name="Reduce/1" value_param="48-byte object &lt;F0-89 3E-00 00-00 00-00 C0-4C 3E-00 00-00 00-00 F0-F5 3E-00 00-00 00-00 E0-8B 3F-00 00-00 00-00 88-8C 3F-00 00-00 00-00 88-8C 3F-00 00-00 00-00&gt;" status="run" time="0" classname="Test_Logic/Test_Reduce" />
    <testcase name="Reduce/2" value_param="48-byte object &lt;90-8C 3E-00 00-00 00-00 E0-DF 3E-00 00-00 00-00 D0-4E 3F-00 00-00 00-00 D0-5D 3F-00 00-00 00-00 08-5E 3F-00 00-00 00-00 08-5E 3F-00 00-00 00-00&gt;" status="run" time="0" classname="Test_Logic/Test_Reduce" />
  </testsuite>
  <testsuite name="Test_Cerebrum/Test_LogicStatementInitialized" tests="2" failures="0" disabled="0" errors="0" time="0.181">
    <testcase name="LogicStatementInitialized/0" value_param="64-byte object &lt;D0-5D 3F-00 00-00 00-00 60-CE 3D-00 00-00 00-00 23-00 00-00 00-00 00-00 2F-00 00-00 00-00 00-00 A0-91 3E-00 00-00 00-00 61-69 6E-2C 20-46 69-6E 11-00 00-00 00-00 00-00 1F-00 00-00 00-00 00-00&gt;" status="run" time="0.094" classname="Test_Cerebrum/Test_LogicStatementInitialized" />
    <testcase name="LogicStatementInitialized/1" value_param="64-byte object &lt;A0-91 3E-00 00-00 00-00 60-CE 3D-00 00-00 00-00 11-00 00-00 00-00 00-00 1F-00 00-00 00-00 00-00 80-90 3E-00 00-00 00-00 61-69 6E-2C 20-46 69-6E 11-00 00-00 00-00 00-00 1F-00 00-00 00-00 00-00&gt;" status="run" time="0.085" classname="Test_Cerebrum/Test_LogicStatementInitialized" />
  </testsuite>
  <testsuite name="Test_ReactionAnalysisAlgorithm/Test_SentenceTypeDetermination" tests="1" failures="0" disabled="0" errors="0" time="0.001">
    <testcase name="Determine_Interrogative/0" value_param="40-byte object &lt;90-00 3B-00 00-00 00-00 80-00 3B-00 00-00 00-00 01-00 00-00 00-00 00-00 E0-01 3B-00 00-00 00-00 D0-01 3B-00 00-00 00-00&gt;" status="run" time="0" classname="Test_ReactionAnalysisAlgorithm/Test_SentenceTypeDetermination" />
  </testsuite>
  <testsuite name="Test_SentenceAnalysisAlgorithm/Test_Grammar" tests="3" failures="0" disabled="0" errors="0" time="1.51">
    <testcase name="Analyze/0" value_param="88-byte object &lt;C4-AA C4-AA CE-D2 B0-AE C4-E3 A3-A1 00-00 00-00 0C-00 00-00 00-00 00-00 0F-00 00-00 00-00 00-00 90-99 3F-00 00-00 00-00 90-46 3F-00 00-00 00-00 10-00 00-00 00-00 00-00 1F-00 00-00 00-00 00-00 D0-48 3F-00 00-00 00-00 E4-48 3F-00 00-00 00-00 E4-48 3F-00 00-00 00-00&gt;" status="run" time="0.499" classname="Test_SentenceAnalysisAlgorithm/Test_Grammar" />
    <testcase name="Analyze/1" value_param="88-byte object &lt;BD-F1 CC-EC D2-AA BB-D8 BC-D2 00-A1 00-00 00-00 0A-00 00-00 00-00 00-00 0F-00 00-00 00-00 00-00 BD-F1 CC-EC 2F-D2 AA-2F BB-D8 2F-BC D2-00 00-00 0D-00 00-00 00-00 00-00 0F-00 00-00 00-00 00-00 F0-48 3F-00 00-00 00-00 00-49 3F-00 00-00 00-00 00-49 3F-00 00-00 00-00&gt;" status="run" time="0.503" classname="Test_SentenceAnalysisAlgorithm/Test_Grammar" />
    <testcase name="Analyze/2" value_param="88-byte object &lt;C8-FD BC-D3 B6-FE B5-C8 D3-DA B6-E0 C9-D9 00-00 0E-00 00-00 00-00 00-00 0F-00 00-00 00-00 00-00 90-99 3F-00 00-00 00-00 BB-D8 2F-BC D2-00 00-00 12-00 00-00 00-00 00-00 1F-00 00-00 00-00 00-00 10-49 3F-00 00-00 00-00 24-49 3F-00 00-00 00-00 24-49 3F-00 00-00 00-00&gt;" status="run" time="0.504" classname="Test_SentenceAnalysisAlgorithm/Test_Grammar" />
  </testsuite>
</testsuites>
