<?xml version="1.0" encoding="UTF-8"?>
<testsuites tests="1" failures="1" disabled="0" errors="0" timestamp="2017-08-23T00:10:18" time="9.061" name="AllTests">
  <testsuite name="Preparation" tests="1" failures="1" disabled="0" errors="0" time="9.058">
    <testcase name="OutputConnectionToDatabase" status="run" time="9.057" classname="Preparation">
      <failure message="unknown file&#x0A;C++ exception with description &quot;Database error.Table name: NonBaseConcept. Error message: Cannot find key: e0366107c2ba1ad01ec3dcd2240b4a0d.&quot; thrown in the test body." type=""><![CDATA[unknown file
C++ exception with description "Database error.Table name: NonBaseConcept. Error message: Cannot find key: e0366107c2ba1ad01ec3dcd2240b4a0d." thrown in the test body.]]></failure>
    </testcase>
  </testsuite>
</testsuites>
