<?xml version="1.0" encoding="UTF-8"?>
<testsuites tests="13" failures="0" disabled="0" errors="0" timestamp="2017-07-01T22:57:51" time="0.02" name="AllTests">
  <testsuite name="Test_Graph" tests="13" failures="0" disabled="0" errors="0" time="0.017">
    <testcase name="PointToTwoVertices" status="run" time="0" classname="Test_Graph" />
    <testcase name="PointToOneVerticesAndPointedByAnotherOne" status="run" time="0" classname="Test_Graph" />
    <testcase name="HasCycleWithThreeVertices" status="run" time="0" classname="Test_Graph" />
    <testcase name="HasNoCycle" status="run" time="0" classname="Test_Graph" />
    <testcase name="GenerateSubGraphOfDisconnectedGraph" status="run" time="0" classname="Test_Graph" />
    <testcase name="GenerateSubGraphOfDisconnectedGraph2" status="run" time="0" classname="Test_Graph" />
    <testcase name="BFS_HasConnection_DisconnectedGraph" status="run" time="0" classname="Test_Graph" />
    <testcase name="BFS_GetPath_DisconnectedGraph" status="run" time="0.001" classname="Test_Graph" />
    <testcase name="BFS_HasConnection_CycleGraph" status="run" time="0.001" classname="Test_Graph" />
    <testcase name="BFS_GetPath_CycleGraph" status="run" time="0.001" classname="Test_Graph" />
    <testcase name="BFS_HasCycle" status="run" time="0" classname="Test_Graph" />
    <testcase name="BFS_HasNoCycle" status="run" time="0.001" classname="Test_Graph" />
    <testcase name="BFS_HasCycle_GraphWithTwoCycles" status="run" time="0.001" classname="Test_Graph" />
  </testsuite>
</testsuites>
