<?xml version="1.0" encoding="UTF-8"?>
<testsuites tests="3" failures="0" disabled="0" errors="0" timestamp="2017-08-31T23:04:46" time="6.651" name="AllTests">
  <testsuite name="Test_Mind/Test_Concept" tests="3" failures="0" disabled="0" errors="0" time="6.648">
    <testcase name="DeepInteraction/0" value_param="from:id:0 word: to:id:0 word: expect:{       }" status="run" time="2.26" classname="Test_Mind/Test_Concept" />
    <testcase name="DeepInteraction/1" value_param="from:id:0 word: to:id:0 word: expect:{   }" status="run" time="2.138" classname="Test_Mind/Test_Concept" />
    <testcase name="DeepInteraction/2" value_param="from:id:0 word: to:id:0 word: expect:{     }" status="run" time="2.244" classname="Test_Mind/Test_Concept" />
  </testsuite>
</testsuites>
