<?xml version="1.0" encoding="UTF-8"?>
<testsuites tests="344" failures="0" disabled="6" errors="0" timestamp="2017-08-30T23:55:16" time="225.643" name="AllTests">
  <testsuite name="Preparation" tests="12" failures="0" disabled="0" errors="0" time="0.034">
    <testcase name="GrammarFeatureTrainer_CollectGrammarFeatures" status="run" time="0.002" classname="Preparation" />
    <testcase name="GrammarFeatureTrainer_ComputeWeights" status="run" time="0.001" classname="Preparation" />
    <testcase name="GrammarModelTrainer_OptimizeWeights" status="run" time="0.001" classname="Preparation" />
    <testcase name="CollectNewBaseConcept" status="run" time="0.002" classname="Preparation" />
    <testcase name="ChangePrimaryKeyToHash" status="run" time="0.001" classname="Preparation" />
    <testcase name="ReadConceptConnectionFromFile" status="run" time="0.001" classname="Preparation" />
    <testcase name="RefreshConceptConnection" status="run" time="0.001" classname="Preparation" />
    <testcase name="ExtractConnection" status="run" time="0.002" classname="Preparation" />
    <testcase name="BuildConnection" status="run" time="0.003" classname="Preparation" />
    <testcase name="AnalyzeValidConnections" status="run" time="0.002" classname="Preparation" />
    <testcase name="OutputConnectionToDatabase" status="run" time="0.001" classname="Preparation" />
    <testcase name="TestPOS" status="run" time="0.002" classname="Preparation" />
  </testsuite>
  <testsuite name="TestAlgorithm" tests="2" failures="0" disabled="0" errors="0" time="0.014">
    <testcase name="TestPOSTagging" status="run" time="0.004" classname="TestAlgorithm" />
    <testcase name="TestPOSTagging_OneSentence" status="run" time="0.007" classname="TestAlgorithm" />
  </testsuite>
  <testsuite name="MemoryLeak" tests="4" failures="0" disabled="0" errors="0" time="4.195">
    <testcase name="ConceptSet" status="run" time="2.004" classname="MemoryLeak" />
    <testcase name="GrammarSet" status="run" time="0.063" classname="MemoryLeak" />
    <testcase name="Cerebrum" status="run" time="2.123" classname="MemoryLeak" />
    <testcase name="LogicKnowledge" status="run" time="0" classname="MemoryLeak" />
  </testsuite>
  <testsuite name="Test_CommonStringFunction" tests="3" failures="0" disabled="0" errors="0" time="0.003">
    <testcase name="TrimBeginEndBlank" status="run" time="0" classname="Test_CommonStringFunction" />
    <testcase name="StringFormat" status="run" time="0" classname="Test_CommonStringFunction" />
    <testcase name="GenerateHash" status="run" time="0" classname="Test_CommonStringFunction" />
  </testsuite>
  <testsuite name="Test_CacheManager" tests="1" failures="0" disabled="0" errors="0" time="6.002">
    <testcase name="RaiseOnMonitor" status="run" time="6.001" classname="Test_CacheManager" />
  </testsuite>
  <testsuite name="Test_DBoperator" tests="6" failures="0" disabled="0" errors="0" time="0.061">
    <testcase name="QueryRowCount" status="run" time="0.003" classname="Test_DBoperator" />
    <testcase name="GetRow1" status="run" time="0.002" classname="Test_DBoperator" />
    <testcase name="GetRow2" status="run" time="0.002" classname="Test_DBoperator" />
    <testcase name="EmptyLongInRow" status="run" time="0.003" classname="Test_DBoperator" />
    <testcase name="InsertRow" status="run" time="0.02" classname="Test_DBoperator" />
    <testcase name="ttt" status="run" time="0.021" classname="Test_DBoperator" />
  </testsuite>
  <testsuite name="Test_Database" tests="17" failures="0" disabled="0" errors="0" time="0.403">
    <testcase name="ReadWriteGrammarFeatureModelWeight" status="run" time="0.015" classname="Test_Database" />
    <testcase name="ReadWriteGrammarLocalModelWeight" status="run" time="0.024" classname="Test_Database" />
    <testcase name="ReadWriteGrammarPatternModelWeight" status="run" time="0.011" classname="Test_Database" />
    <testcase name="ReadWriteGrammarFeatureWeights" status="run" time="0.037" classname="Test_Database" />
    <testcase name="ReadWriteBaseConcept" status="run" time="0.011" classname="Test_Database" />
    <testcase name="ReadWriteNonBaseConcept" status="run" time="0.026" classname="Test_Database" />
    <testcase name="ReadWriteNonBaseConcept_IDAutomaticallyIncrease" status="run" time="0.021" classname="Test_Database" />
    <testcase name="GetBaseConceptCount" status="run" time="0.016" classname="Test_Database" />
    <testcase name="HasWord_ConceptDatabase" status="run" time="0.02" classname="Test_Database" />
    <testcase name="NotHasWord_ConceptDatabase" status="run" time="0.01" classname="Test_Database" />
    <testcase name="HasString_ConceptDatabase" status="run" time="0.021" classname="Test_Database" />
    <testcase name="GetConceptsWithHead" status="run" time="0.029" classname="Test_Database" />
    <testcase name="GetConceptsWithWord" status="run" time="0.033" classname="Test_Database" />
    <testcase name="FailToAddConnectionIfThereIsNoConceptInConceptTable" status="run" time="0.016" classname="Test_Database" />
    <testcase name="AddConnectionIfConceptHasNoSuchConnection" status="run" time="0.033" classname="Test_Database" />
    <testcase name="AddModificationWithOnePair" status="run" time="0.028" classname="Test_Database" />
    <testcase name="AddModificationWithTwoPair" status="run" time="0.029" classname="Test_Database" />
  </testsuite>
  <testsuite name="Test_Database_Normal" tests="3" failures="0" disabled="0" errors="0" time="0.048">
    <testcase name="GetNonBaseConcept_WithNoMod" status="run" time="0.005" classname="Test_Database_Normal" />
    <testcase name="GetNonBaseConcept_WithOneSingleMod" status="run" time="0.006" classname="Test_Database_Normal" />
    <testcase name="GetNonBaseConcept_WithTwoSingleMod" status="run" time="0.033" classname="Test_Database_Normal" />
  </testsuite>
  <testsuite name="Test_GrammarLocalModel" tests="1" failures="0" disabled="0" errors="0" time="0.009">
    <testcase name="POSwithNoLocalDistribution" status="run" time="0.007" classname="Test_GrammarLocalModel" />
  </testsuite>
  <testsuite name="Test_Graph" tests="14" failures="0" disabled="0" errors="0" time="0.016">
    <testcase name="PointToTwoVertices" status="run" time="0" classname="Test_Graph" />
    <testcase name="PointToOneVerticesAndPointedByAnotherOne" status="run" time="0" classname="Test_Graph" />
    <testcase name="HasCycleWithThreeVertices" status="run" time="0" classname="Test_Graph" />
    <testcase name="HasNoCycle" status="run" time="0" classname="Test_Graph" />
    <testcase name="GenerateSubGraphOfDisconnectedGraph" status="run" time="0.001" classname="Test_Graph" />
    <testcase name="GenerateSubGraphOfDisconnectedGraph2" status="run" time="0.001" classname="Test_Graph" />
    <testcase name="BFS_HasConnection_DisconnectedGraph" status="run" time="0" classname="Test_Graph" />
    <testcase name="BFS_GetPath_DisconnectedGraph" status="run" time="0" classname="Test_Graph" />
    <testcase name="BFS_HasConnection_CycleGraph" status="run" time="0.001" classname="Test_Graph" />
    <testcase name="BFS_GetPath_CycleGraph" status="run" time="0.001" classname="Test_Graph" />
    <testcase name="BFS_HasCycle" status="run" time="0" classname="Test_Graph" />
    <testcase name="BFS_HasNoCycle" status="run" time="0" classname="Test_Graph" />
    <testcase name="BFS_HasCycle_GraphWithTwoCycles" status="run" time="0.001" classname="Test_Graph" />
    <testcase name="GenerateAllSubGraphs" status="run" time="0.001" classname="Test_Graph" />
  </testsuite>
  <testsuite name="Test_iRelation" tests="17" failures="0" disabled="0" errors="0" time="2.195">
    <testcase name="GetString1" status="run" time="0.001" classname="Test_iRelation" />
    <testcase name="GetString2" status="run" time="0.001" classname="Test_iRelation" />
    <testcase name="RelationLeafSatisfy" status="run" time="0.002" classname="Test_iRelation" />
    <testcase name="RelationLeafSatisfy2" status="run" time="0.001" classname="Test_iRelation" />
    <testcase name="RelationLeafSatisfy3" status="run" time="0.001" classname="Test_iRelation" />
    <testcase name="RelationLeafSatisfy4" status="run" time="0.001" classname="Test_iRelation" />
    <testcase name="RelationLeafSatisfy5" status="run" time="0" classname="Test_iRelation" />
    <testcase name="RelationLeafSatisfy6" status="run" time="0.001" classname="Test_iRelation" />
    <testcase name="Test_RelationNodeSatisfy" status="run" time="0.006" classname="Test_iRelation" />
    <testcase name="Test_RelationNodeSatisfy2" status="run" time="0.002" classname="Test_iRelation" />
    <testcase name="Test_RelationNodeSatisfy3" status="run" time="0.017" classname="Test_iRelation" />
    <testcase name="Test_RelationNodeSatisfy4" status="run" time="0.004" classname="Test_iRelation" />
    <testcase name="Test_RelationNodeSatisfy5" status="run" time="0.007" classname="Test_iRelation" />
    <testcase name="Test_RelationNodeSatisfy6" status="run" time="0.001" classname="Test_iRelation" />
    <testcase name="Test_RelationNodeSatisfy7" status="run" time="0.002" classname="Test_iRelation" />
    <testcase name="Test_RelationSingleNode_GenerateSingleConcept" status="run" time="2.125" classname="Test_iRelation" />
    <testcase name="GenerateConceptTable" status="run" time="0.002" classname="Test_iRelation" />
  </testsuite>
  <testsuite name="Test_RelationNeedCerebrum" tests="2" failures="0" disabled="0" errors="0" time="4.412">
    <testcase name="iRelationResonance" status="run" time="2.219" classname="Test_RelationNeedCerebrum" />
    <testcase name="PlusOfNumber" status="run" time="2.188" classname="Test_RelationNeedCerebrum" />
  </testsuite>
  <testsuite name="Test_LogicKnowledgeInitializer" tests="2" failures="0" disabled="0" errors="0" time="4.502">
    <testcase name="ParseRelation" status="run" time="2.152" classname="Test_LogicKnowledgeInitializer" />
    <testcase name="ParseLogicStatement" status="run" time="2.346" classname="Test_LogicKnowledgeInitializer" />
  </testsuite>
  <testsuite name="TestF_Logic" tests="1" failures="0" disabled="0" errors="0" time="2.414">
    <testcase name="Determine" status="run" time="2.413" classname="TestF_Logic" />
  </testsuite>
  <testsuite name="Test_Number" tests="2" failures="0" disabled="0" errors="0" time="4.309">
    <testcase name="Match" status="run" time="2.139" classname="Test_Number" />
    <testcase name="ToInt" status="run" time="2.167" classname="Test_Number" />
  </testsuite>
  <testsuite name="Test_Verb" tests="1" failures="0" disabled="0" errors="0" time="2.127">
    <testcase name="Match" status="run" time="2.126" classname="Test_Verb" />
  </testsuite>
  <testsuite name="Test_LogicStatement" tests="6" failures="0" disabled="0" errors="0" time="13.48">
    <testcase name="Deduce" status="run" time="2.25" classname="Test_LogicStatement" />
    <testcase name="Deduce2" status="run" time="2.188" classname="Test_LogicStatement" />
    <testcase name="Deduce3" status="run" time="2.292" classname="Test_LogicStatement" />
    <testcase name="Deduce4" status="run" time="2.341" classname="Test_LogicStatement" />
    <testcase name="Deduce_SingleResult_NoRemainingPart" status="run" time="2.173" classname="Test_LogicStatement" />
    <testcase name="Deduce_SingleResult_RemainingPart" status="run" time="2.225" classname="Test_LogicStatement" />
  </testsuite>
  <testsuite name="Test_Matrix" tests="5" failures="0" disabled="0" errors="0" time="0.004">
    <testcase name="Multiply" status="run" time="0" classname="Test_Matrix" />
    <testcase name="Multiply2" status="run" time="0" classname="Test_Matrix" />
    <testcase name="Multiply3" status="run" time="0" classname="Test_Matrix" />
    <testcase name="VecMultiplyMatrix" status="run" time="0" classname="Test_Matrix" />
    <testcase name="MatrixMultiplyVec" status="run" time="0" classname="Test_Matrix" />
  </testsuite>
  <testsuite name="Test_SubSequence" tests="4" failures="0" disabled="0" errors="0" time="0.003">
    <testcase name="FindLongestCommonSubsequence" status="run" time="0" classname="Test_SubSequence" />
    <testcase name="FindLongestCommonSubsequence2" status="run" time="0" classname="Test_SubSequence" />
    <testcase name="FindAllCommonSubsequence" status="run" time="0" classname="Test_SubSequence" />
    <testcase name="FindAllCommonSubsequence2" status="run" time="0.001" classname="Test_SubSequence" />
  </testsuite>
  <testsuite name="Test_IsSubsequence" tests="2" failures="0" disabled="0" errors="0" time="0.001">
    <testcase name="IsSubsequence" status="run" time="0" classname="Test_IsSubsequence" />
    <testcase name="IsSubsequence2" status="run" time="0" classname="Test_IsSubsequence" />
  </testsuite>
  <testsuite name="Test_GetAllCombinations" tests="2" failures="0" disabled="0" errors="0" time="0.007">
    <testcase name="GetAllCombinations" status="run" time="0.003" classname="Test_GetAllCombinations" />
    <testcase name="GetAllCombinations2" status="run" time="0.002" classname="Test_GetAllCombinations" />
  </testsuite>
  <testsuite name="Test_GetAllSubSequence" tests="1" failures="0" disabled="0" errors="0" time="0.001">
    <testcase name="GetAllSubSequence" status="run" time="0.001" classname="Test_GetAllSubSequence" />
  </testsuite>
  <testsuite name="Test_Rand" tests="4" failures="0" disabled="0" errors="0" time="0.647">
    <testcase name="GetRandInt" status="run" time="0.16" classname="Test_Rand" />
    <testcase name="GetRandInt2" status="run" time="0.16" classname="Test_Rand" />
    <testcase name="GetRandInt3" status="run" time="0.161" classname="Test_Rand" />
    <testcase name="GetRandInt4" status="run" time="0.16" classname="Test_Rand" />
  </testsuite>
  <testsuite name="Test_MyInt" tests="3" failures="0" disabled="0" errors="0" time="0.001">
    <testcase name="MyInt" status="run" time="0" classname="Test_MyInt" />
    <testcase name="MinusNumber" status="run" time="0" classname="Test_MyInt" />
    <testcase name="LongNumber" status="run" time="0" classname="Test_MyInt" />
  </testsuite>
  <testsuite name="Test_Cerebrum" tests="5" failures="0" disabled="0" errors="0" time="23.864">
    <testcase name="IsInMind_Punctuation" status="run" time="2.124" classname="Test_Cerebrum" />
    <testcase name="GetAllKindsofWord_Punctuation" status="run" time="2.125" classname="Test_Cerebrum" />
    <testcase name="FindConceptWithMatchedDisc" status="run" time="15.35" classname="Test_Cerebrum" />
    <testcase name="MaxLength_WordWithHead" status="run" time="2.129" classname="Test_Cerebrum" />
    <testcase name="GetAllKindsofWord" status="run" time="2.128" classname="Test_Cerebrum" />
  </testsuite>
  <testsuite name="Test_ConceptSetInitializer" tests="3" failures="0" disabled="0" errors="0" time="6.063">
    <testcase name="ParseStrToConnectionInfo" status="run" time="2.023" classname="Test_ConceptSetInitializer" />
    <testcase name="ParseStrToConnectionInfo2" status="run" time="2.025" classname="Test_ConceptSetInitializer" />
    <testcase name="ParseStrToConnectionInfo3" status="run" time="2.012" classname="Test_ConceptSetInitializer" />
  </testsuite>
  <testsuite name="MindElementCreator" tests="1" failures="0" disabled="0" errors="0" time="0.001">
    <testcase name="CreateBaseConceptFromDBRow" status="run" time="0" classname="MindElementCreator" />
  </testsuite>
  <testsuite name="DISABLED_Test_NeuralNetworkDesign" tests="6" failures="0" disabled="6" errors="0" time="0">
    <testcase name="PerceptronNetwork1" status="notrun" time="0" classname="DISABLED_Test_NeuralNetworkDesign" />
    <testcase name="PerceptronNetwork2" status="notrun" time="0" classname="DISABLED_Test_NeuralNetworkDesign" />
    <testcase name="ADALINENetwork" status="notrun" time="0" classname="DISABLED_Test_NeuralNetworkDesign" />
    <testcase name="CompetitiveNetwork" status="notrun" time="0" classname="DISABLED_Test_NeuralNetworkDesign" />
    <testcase name="Connectivity" status="notrun" time="0" classname="DISABLED_Test_NeuralNetworkDesign" />
    <testcase name="SearchingParameter" status="notrun" time="0" classname="DISABLED_Test_NeuralNetworkDesign" />
  </testsuite>
  <testsuite name="Test_NeuralNetworkDesign" tests="2" failures="0" disabled="0" errors="0" time="0.102">
    <testcase name="MultilayerNetwork" status="run" time="0.047" classname="Test_NeuralNetworkDesign" />
    <testcase name="MOBP" status="run" time="0.053" classname="Test_NeuralNetworkDesign" />
  </testsuite>
  <testsuite name="Test_NumericalOptimization" tests="1" failures="0" disabled="0" errors="0" time="0.002">
    <testcase name="NonlinearlyConstrainedProblem" status="run" time="0.001" classname="Test_NumericalOptimization" />
  </testsuite>
  <testsuite name="Test_ExtractConceptChains" tests="2" failures="0" disabled="0" errors="0" time="0.008">
    <testcase name="Extract1" status="run" time="0.003" classname="Test_ExtractConceptChains" />
    <testcase name="Extract2" status="run" time="0.002" classname="Test_ExtractConceptChains" />
  </testsuite>
  <testsuite name="Test_Punctuation" tests="3" failures="0" disabled="0" errors="0" time="0.004">
    <testcase name="Punctuate1" status="run" time="0.001" classname="Test_Punctuation" />
    <testcase name="Punctuate2" status="run" time="0.001" classname="Test_Punctuation" />
    <testcase name="Punctuate3" status="run" time="0.001" classname="Test_Punctuation" />
  </testsuite>
  <testsuite name="Test_Segmentation" tests="8" failures="0" disabled="0" errors="0" time="17.624">
    <testcase name="ForwardSegment1" status="run" time="2.216" classname="Test_Segmentation" />
    <testcase name="ForwardSegment2" status="run" time="2.176" classname="Test_Segmentation" />
    <testcase name="ForwardSegment3" status="run" time="2.134" classname="Test_Segmentation" />
    <testcase name="BackwardSegment1" status="run" time="2.182" classname="Test_Segmentation" />
    <testcase name="BackwardSegment2" status="run" time="2.164" classname="Test_Segmentation" />
    <testcase name="BackwardSegment3" status="run" time="2.135" classname="Test_Segmentation" />
    <testcase name="WithPunctuation" status="run" time="2.138" classname="Test_Segmentation" />
    <testcase name="LongSentence" status="run" time="2.463" classname="Test_Segmentation" />
  </testsuite>
  <testsuite name="Test_WordRelationTableBuilder" tests="1" failures="0" disabled="0" errors="0" time="23.897">
    <testcase name="Analyze" status="run" time="23.894" classname="Test_WordRelationTableBuilder" />
  </testsuite>
  <testsuite name="Test_StructureAnalyzer" tests="1" failures="0" disabled="0" errors="0" time="23.851">
    <testcase name="Analyze" status="run" time="23.849" classname="Test_StructureAnalyzer" />
  </testsuite>
  <testsuite name="Test_Mind/Test_Concept" tests="3" failures="0" disabled="0" errors="0" time="6.625">
    <testcase name="DeepInteraction/0" value_param="128-byte object &lt;30-BE 4B-00 00-00 00-00 B0-AE 00-CD CD-CD CD-CD CD-CD CD-CD CD-CD CD-CD 02-00 00-00 00-00 00-00 0F-00 00-00 00-00 00-00 00-00 00-00 CD-CD CD-CD 80-BE 4B-00 00-00 00-00 C4-E3 00-CD CD-CD CD-CD CD-CD CD-CD CD-CD CD-CD 02-00 00-00 00-00 00-00 0F-00 00-00 00-00 00-00 00-00 00-00 CD-CD CD-CD A0-BC 4B-00 00-00 00-00 20-F2 4B-00 00-00 00-00 60-F3 4B-00 00-00 00-00 60-F3 4B-00 00-00 00-00&gt;" status="run" time="2.237" classname="Test_Mind/Test_Concept" />
    <testcase name="DeepInteraction/1" value_param="128-byte object &lt;A0-BC 4B-00 00-00 00-00 B2-BB 00-CD CD-CD CD-CD CD-CD CD-CD CD-CD CD-CD 02-00 00-00 00-00 00-00 0F-00 00-00 00-00 00-00 00-00 00-00 CD-CD CD-CD 20-BA 4B-00 00-00 00-00 C0-CF 00-CD CD-CD CD-CD CD-CD CD-CD CD-CD CD-CD 02-00 00-00 00-00 00-00 0F-00 00-00 00-00 00-00 00-00 00-00 CD-CD CD-CD 70-BA 4B-00 00-00 00-00 10-41 47-00 00-00 00-00 B0-41 47-00 00-00 00-00 B0-41 47-00 00-00 00-00&gt;" status="run" time="2.138" classname="Test_Mind/Test_Concept" />
    <testcase name="DeepInteraction/2" value_param="128-byte object &lt;70-BA 4B-00 00-00 00-00 C8-FD 00-CD CD-CD CD-CD CD-CD CD-CD CD-CD CD-CD 02-00 00-00 00-00 00-00 0F-00 00-00 00-00 00-00 00-00 00-00 CD-CD CD-CD D0-B4 4B-00 00-00 00-00 B4-F3 00-CD CD-CD CD-CD CD-CD CD-CD CD-CD CD-CD 02-00 00-00 00-00 00-00 0F-00 00-00 00-00 00-00 00-00 00-00 CD-CD CD-CD F0-BC 4B-00 00-00 00-00 50-F8 4B-00 00-00 00-00 40-F9 4B-00 00-00 00-00 40-F9 4B-00 00-00 00-00&gt;" status="run" time="2.244" classname="Test_Mind/Test_Concept" />
  </testsuite>
  <testsuite name="Test_ConceptInteractTable/Test_Similarity" tests="3" failures="0" disabled="0" errors="0" time="0.025">
    <testcase name="Similarity/0" value_param="88-byte object &lt;00-C1 4B-00 00-00 00-00 D0-99 4B-00 00-00 00-00 CD-CD CD-CD CD-CD CD-CD 17-00 00-00 00-00 00-00 1F-00 00-00 00-00 00-00 10-C0 4B-00 00-00 00-00 30-9A 4B-00 00-00 00-00 CD-CD CD-CD CD-CD CD-CD 17-00 00-00 00-00 00-00 1F-00 00-00 00-00 00-00 00-00 00-00 00-00 E0-3F&gt;" status="run" time="0.008" classname="Test_ConceptInteractTable/Test_Similarity" />
    <testcase name="Similarity/1" value_param="88-byte object &lt;F0-C1 4B-00 00-00 00-00 D0-99 4B-00 00-00 00-00 CD-CD CD-CD CD-CD CD-CD 17-00 00-00 00-00 00-00 1F-00 00-00 00-00 00-00 30-B4 4B-00 00-00 00-00 30-9A 4B-00 00-00 00-00 CD-CD CD-CD CD-CD CD-CD 17-00 00-00 00-00 00-00 1F-00 00-00 00-00 00-00 00-00 00-00 00-00 E0-3F&gt;" status="run" time="0.007" classname="Test_ConceptInteractTable/Test_Similarity" />
    <testcase name="Similarity/2" value_param="88-byte object &lt;00-C1 4B-00 00-00 00-00 D2-BB 2D-B6 FE-2C B6-FE 2D-C8 FD-00 CD-CD CD-CD 0B-00 00-00 00-00 00-00 0F-00 00-00 00-00 00-00 10-C0 4B-00 00-00 00-00 D2-BB 2D-B6 FE-2C B6-FE 2D-C8 FD-00 CD-CD CD-CD 0B-00 00-00 00-00 00-00 0F-00 00-00 00-00 00-00 00-00 00-00 00-00 F0-3F&gt;" status="run" time="0.005" classname="Test_ConceptInteractTable/Test_Similarity" />
  </testsuite>
  <testsuite name="Test_GrammarFeature/Test_FindFeatures" tests="5" failures="0" disabled="0" errors="0" time="0.004">
    <testcase name="Sentence1/0" value_param="24-byte object &lt;A0-9A 4B-00 00-00 00-00 90-9A 4B-00 00-00 00-00 07-00 00-00 CD-CD CD-CD&gt;" status="run" time="0" classname="Test_GrammarFeature/Test_FindFeatures" />
    <testcase name="Sentence1/1" value_param="24-byte object &lt;00-95 4B-00 00-00 00-00 F0-94 4B-00 00-00 00-00 06-00 00-00 CD-CD CD-CD&gt;" status="run" time="0" classname="Test_GrammarFeature/Test_FindFeatures" />
    <testcase name="Sentence1/2" value_param="24-byte object &lt;00-9B 4B-00 00-00 00-00 F0-9A 4B-00 00-00 00-00 05-00 00-00 CD-CD CD-CD&gt;" status="run" time="0" classname="Test_GrammarFeature/Test_FindFeatures" />
    <testcase name="Sentence1/3" value_param="24-byte object &lt;60-95 4B-00 00-00 00-00 50-95 4B-00 00-00 00-00 06-00 00-00 CD-CD CD-CD&gt;" status="run" time="0" classname="Test_GrammarFeature/Test_FindFeatures" />
    <testcase name="Sentence1/4" value_param="24-byte object &lt;E0-99 4B-00 00-00 00-00 D0-99 4B-00 00-00 00-00 06-00 00-00 CD-CD CD-CD&gt;" status="run" time="0" classname="Test_GrammarFeature/Test_FindFeatures" />
  </testsuite>
  <testsuite name="Test_GrammarFeature/Test_FeatureCount" tests="10" failures="0" disabled="0" errors="0" time="0.008">
    <testcase name="Sentence1/0" value_param="24-byte object &lt;F0-BA 46-00 00-00 00-00 E0-BA 46-00 00-00 00-00 02-00 00-00 CD-CD CD-CD&gt;" status="run" time="0.001" classname="Test_GrammarFeature/Test_FeatureCount" />
    <testcase name="Sentence1/1" value_param="24-byte object &lt;60-BB 46-00 00-00 00-00 50-BB 46-00 00-00 00-00 02-00 00-00 CD-CD CD-CD&gt;" status="run" time="0" classname="Test_GrammarFeature/Test_FeatureCount" />
    <testcase name="Sentence1/2" value_param="24-byte object &lt;60-09 4C-00 00-00 00-00 50-09 4C-00 00-00 00-00 01-00 00-00 CD-CD CD-CD&gt;" status="run" time="0" classname="Test_GrammarFeature/Test_FeatureCount" />
    <testcase name="Sentence1/3" value_param="24-byte object &lt;D0-BB 46-00 00-00 00-00 C0-BB 46-00 00-00 00-00 01-00 00-00 CD-CD CD-CD&gt;" status="run" time="0" classname="Test_GrammarFeature/Test_FeatureCount" />
    <testcase name="Sentence1/4" value_param="24-byte object &lt;40-0A 4C-00 00-00 00-00 30-0A 4C-00 00-00 00-00 02-00 00-00 CD-CD CD-CD&gt;" status="run" time="0" classname="Test_GrammarFeature/Test_FeatureCount" />
    <testcase name="Sentence1/5" value_param="24-byte object &lt;20-0B 4C-00 00-00 00-00 10-0B 4C-00 00-00 00-00 01-00 00-00 CD-CD CD-CD&gt;" status="run" time="0" classname="Test_GrammarFeature/Test_FeatureCount" />
    <testcase name="Sentence1/6" value_param="24-byte object &lt;F0-08 47-00 00-00 00-00 E0-08 47-00 00-00 00-00 01-00 00-00 CD-CD CD-CD&gt;" status="run" time="0" classname="Test_GrammarFeature/Test_FeatureCount" />
    <testcase name="Sentence1/7" value_param="24-byte object &lt;90-0B 4C-00 00-00 00-00 80-0B 4C-00 00-00 00-00 01-00 00-00 CD-CD CD-CD&gt;" status="run" time="0.001" classname="Test_GrammarFeature/Test_FeatureCount" />
    <testcase name="Sentence1/8" value_param="24-byte object &lt;00-0C 4C-00 00-00 00-00 F0-0B 4C-00 00-00 00-00 01-00 00-00 CD-CD CD-CD&gt;" status="run" time="0" classname="Test_GrammarFeature/Test_FeatureCount" />
    <testcase name="Sentence1/9" value_param="24-byte object &lt;E0-0C 4C-00 00-00 00-00 D0-0C 4C-00 00-00 00-00 01-00 00-00 CD-CD CD-CD&gt;" status="run" time="0" classname="Test_GrammarFeature/Test_FeatureCount" />
  </testsuite>
  <testsuite name="Test_GrammarFeature/Test_ReadWriteDB" tests="5" failures="0" disabled="0" errors="0" time="0.06">
    <testcase name="WriteToDBAndRead/0" value_param="16-byte object &lt;C0-25 4C-00 00-00 00-00 00-25 4C-00 00-00 00-00&gt;" status="run" time="0.011" classname="Test_GrammarFeature/Test_ReadWriteDB" />
    <testcase name="WriteToDBAndRead/1" value_param="16-byte object &lt;30-9A 4B-00 00-00 00-00 70-99 4B-00 00-00 00-00&gt;" status="run" time="0.014" classname="Test_GrammarFeature/Test_ReadWriteDB" />
    <testcase name="WriteToDBAndRead/2" value_param="16-byte object &lt;80-26 4C-00 00-00 00-00 E0-26 4C-00 00-00 00-00&gt;" status="run" time="0.013" classname="Test_GrammarFeature/Test_ReadWriteDB" />
    <testcase name="WriteToDBAndRead/3" value_param="16-byte object &lt;20-26 4C-00 00-00 00-00 40-27 4C-00 00-00 00-00&gt;" status="run" time="0.009" classname="Test_GrammarFeature/Test_ReadWriteDB" />
    <testcase name="WriteToDBAndRead/4" value_param="16-byte object &lt;A0-27 4C-00 00-00 00-00 00-28 4C-00 00-00 00-00&gt;" status="run" time="0.007" classname="Test_GrammarFeature/Test_ReadWriteDB" />
  </testsuite>
  <testsuite name="Test_Logic/Test_FinalDeduce" tests="2" failures="0" disabled="0" errors="0" time="0.121">
    <testcase name="FinalDeduce/0" value_param="176-byte object &lt;90-44 4C-00 00-00 00-00 B6-FE 2D-BC D3-2C BC-D3 2D-C8 FD-00 CD-CD CD-CD 0B-00 00-00 00-00 00-00 0F-00 00-00 00-00 00-00 C0-4B 4C-00 00-00 00-00 40-C4 4C-00 00-00 00-00 A8-C5 4C-00 00-00 00-00 ... 00-00 00-00 00-00 00-00 00-00 00-00 00-00 00-00 00-00 00-00 00-00 00-00 B0-47 4C-00 00-00 00-00 CE-E5 00-CD CD-CD CD-CD CD-CD CD-CD CD-CD CD-CD 02-00 00-00 00-00 00-00 0F-00 00-00 00-00 00-00&gt;" status="run" time="0.073" classname="Test_Logic/Test_FinalDeduce" />
    <testcase name="FinalDeduce/1" value_param="176-byte object &lt;60-4C 4C-00 00-00 00-00 B6-FE 2D-B3 CB-2C B3-CB 2D-C8 FD-00 CD-CD CD-CD 0B-00 00-00 00-00 00-00 0F-00 00-00 00-00 00-00 B0-4C 4C-00 00-00 00-00 90-F8 4B-00 00-00 00-00 80-F9 4B-00 00-00 00-00 ... 00-00 00-00 00-00 00-00 00-00 00-00 00-00 00-00 00-00 00-00 00-00 00-00 40-49 4C-00 00-00 00-00 C1-F9 00-CD CD-CD CD-CD CD-CD CD-CD CD-CD CD-CD 02-00 00-00 00-00 00-00 0F-00 00-00 00-00 00-00&gt;" status="run" time="0.046" classname="Test_Logic/Test_FinalDeduce" />
  </testsuite>
  <testsuite name="Test_Logic/Test_ReduceFromMatchedConcept" tests="6" failures="0" disabled="0" errors="0" time="0.008">
    <testcase name="ReduceFromMatchedConcept/0" value_param="168-byte object &lt;00-EF 46-00 00-00 00-00 A0-2D 4C-00 00-00 00-00 D0-EF 46-00 00-00 00-00 60-2E 4C-00 00-00 00-00 20-12 4D-00 00-00 00-00 40-A8 4C-00 00-00 00-00 80-A8 4C-00 00-00 00-00 80-A8 4C-00 00-00 00-00 ... 10-41 47-00 00-00 00-00 B0-41 47-00 00-00 00-00 B0-41 47-00 00-00 00-00 60-04 4D-00 00-00 00-00 00-CD CD-CD CD-CD CD-CD CD-CD CD-CD CD-CD CD-CD 00-00 00-00 00-00 00-00 0F-00 00-00 00-00 00-00&gt;" status="run" time="0.001" classname="Test_Logic/Test_ReduceFromMatchedConcept" />
    <testcase name="ReduceFromMatchedConcept/1" value_param="168-byte object &lt;80-F5 46-00 00-00 00-00 C0-31 4C-00 00-00 00-00 50-F6 46-00 00-00 00-00 00-D0 4C-00 00-00 00-00 00-0F 4D-00 00-00 00-00 40-A8 4C-00 00-00 00-00 80-A8 4C-00 00-00 00-00 80-A8 4C-00 00-00 00-00 ... 00-00 00-00 00-00 00-00 00-00 00-00 00-00 00-00 00-00 00-00 00-00 00-00 50-0F 4D-00 00-00 00-00 C8-FD 00-CD CD-CD CD-CD CD-CD CD-CD CD-CD CD-CD 02-00 00-00 00-00 00-00 0F-00 00-00 00-00 00-00&gt;" status="run" time="0.001" classname="Test_Logic/Test_ReduceFromMatchedConcept" />
    <testcase name="ReduceFromMatchedConcept/2" value_param="168-byte object &lt;20-E0 4C-00 00-00 00-00 A0-D2 4C-00 00-00 00-00 F0-E0 4C-00 00-00 00-00 E0-D1 4C-00 00-00 00-00 10-04 4D-00 00-00 00-00 40-A8 4C-00 00-00 00-00 80-A8 4C-00 00-00 00-00 80-A8 4C-00 00-00 00-00 ... 00-00 00-00 00-00 00-00 00-00 00-00 00-00 00-00 00-00 00-00 00-00 00-00 B0-0E 4D-00 00-00 00-00 00-CD CD-CD CD-CD CD-CD CD-CD CD-CD CD-CD CD-CD 00-00 00-00 00-00 00-00 0F-00 00-00 00-00 00-00&gt;" status="run" time="0" classname="Test_Logic/Test_ReduceFromMatchedConcept" />
    <testcase name="ReduceFromMatchedConcept/3" value_param="168-byte object &lt;A0-E6 4C-00 00-00 00-00 00-D6 4C-00 00-00 00-00 70-E7 4C-00 00-00 00-00 60-D6 4C-00 00-00 00-00 20-12 4D-00 00-00 00-00 40-A8 4C-00 00-00 00-00 80-A8 4C-00 00-00 00-00 80-A8 4C-00 00-00 00-00 ... 10-41 47-00 00-00 00-00 B0-41 47-00 00-00 00-00 B0-41 47-00 00-00 00-00 90-0B 4D-00 00-00 00-00 00-CD CD-CD CD-CD CD-CD CD-CD CD-CD CD-CD CD-CD 00-00 00-00 00-00 00-00 0F-00 00-00 00-00 00-00&gt;" status="run" time="0" classname="Test_Logic/Test_ReduceFromMatchedConcept" />
    <testcase name="ReduceFromMatchedConcept/4" value_param="168-byte object &lt;20-ED 4C-00 00-00 00-00 60-D9 4C-00 00-00 00-00 F0-ED 4C-00 00-00 00-00 C0-D9 4C-00 00-00 00-00 00-0F 4D-00 00-00 00-00 40-A8 4C-00 00-00 00-00 80-A8 4C-00 00-00 00-00 80-A8 4C-00 00-00 00-00 ... 00-00 00-00 00-00 00-00 00-00 00-00 00-00 00-00 00-00 00-00 00-00 00-00 C0-03 4D-00 00-00 00-00 C8-FD 00-CD CD-CD CD-CD CD-CD CD-CD CD-CD CD-CD 02-00 00-00 00-00 00-00 0F-00 00-00 00-00 00-00&gt;" status="run" time="0.001" classname="Test_Logic/Test_ReduceFromMatchedConcept" />
    <testcase name="ReduceFromMatchedConcept/5" value_param="168-byte object &lt;00-F2 4C-00 00-00 00-00 A0-DB 4C-00 00-00 00-00 D0-F2 4C-00 00-00 00-00 E0-DA 4C-00 00-00 00-00 30-0C 4D-00 00-00 00-00 40-A8 4C-00 00-00 00-00 80-A8 4C-00 00-00 00-00 80-A8 4C-00 00-00 00-00 ... 00-00 00-00 00-00 00-00 00-00 00-00 00-00 00-00 00-00 00-00 00-00 00-00 B0-0E 4D-00 00-00 00-00 00-CD CD-CD CD-CD CD-CD CD-CD CD-CD CD-CD CD-CD 00-00 00-00 00-00 00-00 0F-00 00-00 00-00 00-00&gt;" status="run" time="0.001" classname="Test_Logic/Test_ReduceFromMatchedConcept" />
  </testsuite>
  <testsuite name="Test_Logic/Test_Reduce" tests="3" failures="0" disabled="0" errors="0" time="0.013">
    <testcase name="Reduce/0" value_param="56-byte object &lt;40-AA 4C-00 00-00 00-00 A0-4A 4D-00 00-00 00-00 80-9D 4D-00 00-00 00-00 20-D6 4E-00 00-00 00-00 60-BD 4D-00 00-00 00-00 F0-BD 4D-00 00-00 00-00 F0-BD 4D-00 00-00 00-00&gt;" status="run" time="0.003" classname="Test_Logic/Test_Reduce" />
    <testcase name="Reduce/1" value_param="56-byte object &lt;C0-B5 4C-00 00-00 00-00 20-52 4D-00 00-00 00-00 20-15 4E-00 00-00 00-00 40-D9 4E-00 00-00 00-00 A0-09 47-00 00-00 00-00 78-0A 47-00 00-00 00-00 78-0A 47-00 00-00 00-00&gt;" status="run" time="0.006" classname="Test_Logic/Test_Reduce" />
    <testcase name="Reduce/2" value_param="56-byte object &lt;40-B5 4C-00 00-00 00-00 20-4F 4D-00 00-00 00-00 20-C3 4E-00 00-00 00-00 30-DF 4E-00 00-00 00-00 60-E6 4A-00 00-00 00-00 A8-E6 4A-00 00-00 00-00 A8-E6 4A-00 00-00 00-00&gt;" status="run" time="0.002" classname="Test_Logic/Test_Reduce" />
  </testsuite>
  <testsuite name="Test_Cerebrum/Test_LogicStatementInitialized" tests="2" failures="0" disabled="0" errors="0" time="4.71">
    <testcase name="LogicStatementInitialized/0" value_param="80-byte object &lt;B0-12 4F-00 00-00 00-00 30-73 4E-00 00-00 00-00 CD-CD CD-CD CD-CD CD-CD 23-00 00-00 00-00 00-00 2F-00 00-00 00-00 00-00 F0-13 4F-00 00-00 00-00 50-A9 4E-00 00-00 00-00 CD-CD CD-CD CD-CD CD-CD 11-00 00-00 00-00 00-00 1F-00 00-00 00-00 00-00&gt;" status="run" time="2.469" classname="Test_Cerebrum/Test_LogicStatementInitialized" />
    <testcase name="LogicStatementInitialized/1" value_param="80-byte object &lt;C0-11 4F-00 00-00 00-00 50-A9 4E-00 00-00 00-00 CD-CD CD-CD CD-CD CD-CD 11-00 00-00 00-00 00-00 1F-00 00-00 00-00 00-00 60-12 4F-00 00-00 00-00 B0-A9 4E-00 00-00 00-00 CD-CD CD-CD CD-CD CD-CD 11-00 00-00 00-00 00-00 1F-00 00-00 00-00 00-00&gt;" status="run" time="2.237" classname="Test_Cerebrum/Test_LogicStatementInitialized" />
  </testsuite>
  <testsuite name="Test_ReactionAnalysisAlgorithm/Test_SentenceTypeDetermination" tests="1" failures="0" disabled="0" errors="0" time="0.001">
    <testcase name="Determine_Interrogative/0" value_param="40-byte object &lt;90-22 4E-00 00-00 00-00 80-22 4E-00 00-00 00-00 01-00 00-00 CD-CD CD-CD 10-24 4E-00 00-00 00-00 00-24 4E-00 00-00 00-00&gt;" status="run" time="0.001" classname="Test_ReactionAnalysisAlgorithm/Test_SentenceTypeDetermination" />
  </testsuite>
  <testsuite name="Test_SentenceAnalysisAlgorithm/Test_Grammar" tests="3" failures="0" disabled="0" errors="0" time="73.621">
    <testcase name="Analyze/0" value_param="112-byte object &lt;50-31 4F-00 00-00 00-00 C4-AA C4-AA CE-D2 B0-AE C4-E3 A3-A1 00-CD CD-CD 0C-00 00-00 00-00 00-00 0F-00 00-00 00-00 00-00 80-33 4F-00 00-00 00-00 B0-BB 4E-00 00-00 00-00 CD-CD CD-CD CD-CD CD-CD 10-00 00-00 00-00 00-00 1F-00 00-00 00-00 00-00 D0-33 4F-00 00-00 00-00 F0-31 4F-00 00-00 00-00 04-32 4F-00 00-00 00-00 04-32 4F-00 00-00 00-00&gt;" status="run" time="24.738" classname="Test_SentenceAnalysisAlgorithm/Test_Grammar" />
    <testcase name="Analyze/1" value_param="112-byte object &lt;D0-33 4F-00 00-00 00-00 BD-F1 CC-EC D2-AA BB-D8 BC-D2 00-CD CD-CD CD-CD 0A-00 00-00 00-00 00-00 0F-00 00-00 00-00 00-00 F0-31 4F-00 00-00 00-00 BD-F1 CC-EC 2F-D2 AA-2F BB-D8 2F-BC D2-00 CD-CD 0D-00 00-00 00-00 00-00 0F-00 00-00 00-00 00-00 F0-2C 4F-00 00-00 00-00 20-34 4F-00 00-00 00-00 30-34 4F-00 00-00 00-00 30-34 4F-00 00-00 00-00&gt;" status="run" time="23.927" classname="Test_SentenceAnalysisAlgorithm/Test_Grammar" />
    <testcase name="Analyze/2" value_param="112-byte object &lt;F0-2C 4F-00 00-00 00-00 C8-FD BC-D3 B6-FE B5-C8 D3-DA B6-E0 C9-D9 00-CD 0E-00 00-00 00-00 00-00 0F-00 00-00 00-00 00-00 20-34 4F-00 00-00 00-00 B0-BB 4E-00 00-00 00-00 CD-CD CD-CD CD-CD CD-CD 12-00 00-00 00-00 00-00 1F-00 00-00 00-00 00-00 50-31 4F-00 00-00 00-00 80-33 4F-00 00-00 00-00 94-33 4F-00 00-00 00-00 94-33 4F-00 00-00 00-00&gt;" status="run" time="24.952" classname="Test_SentenceAnalysisAlgorithm/Test_Grammar" />
  </testsuite>
  <testsuite name="Test_Math/Test_Vector" tests="144" failures="0" disabled="0" errors="0" time="0.085">
    <testcase name="GetVector/0" value_param="48-byte object &lt;B0-A4 4F-00 00-00 00-00 A0-A4 4F-00 00-00 00-00 10-12 4F-00 00-00 00-00 10-35 4F-00 00-00 00-00 24-35 4F-00 00-00 00-00 24-35 4F-00 00-00 00-00&gt;" status="run" time="0" classname="Test_Math/Test_Vector" />
    <testcase name="GetVector/1" value_param="48-byte object &lt;10-A9 4F-00 00-00 00-00 00-A9 4F-00 00-00 00-00 90-2D 4F-00 00-00 00-00 60-35 4F-00 00-00 00-00 74-35 4F-00 00-00 00-00 74-35 4F-00 00-00 00-00&gt;" status="run" time="0" classname="Test_Math/Test_Vector" />
    <testcase name="GetVector/2" value_param="48-byte object &lt;00-AD 4F-00 00-00 00-00 F0-AC 4F-00 00-00 00-00 10-12 4F-00 00-00 00-00 E0-14 50-00 00-00 00-00 08-15 50-00 00-00 00-00 08-15 50-00 00-00 00-00&gt;" status="run" time="0.001" classname="Test_Math/Test_Vector" />
    <testcase name="GetVector/3" value_param="48-byte object &lt;70-AD 4F-00 00-00 00-00 60-AD 4F-00 00-00 00-00 60-35 4F-00 00-00 00-00 E0-14 50-00 00-00 00-00 08-15 50-00 00-00 00-00 08-15 50-00 00-00 00-00&gt;" status="run" time="0" classname="Test_Math/Test_Vector" />
    <testcase name="Dimension/0" value_param="48-byte object &lt;B0-A4 4F-00 00-00 00-00 A0-A4 4F-00 00-00 00-00 60-49 4F-00 00-00 00-00 F0-45 4F-00 00-00 00-00 04-46 4F-00 00-00 00-00 04-46 4F-00 00-00 00-00&gt;" status="run" time="0" classname="Test_Math/Test_Vector" />
    <testcase name="Dimension/1" value_param="48-byte object &lt;10-A9 4F-00 00-00 00-00 00-A9 4F-00 00-00 00-00 30-47 4F-00 00-00 00-00 E0-46 4F-00 00-00 00-00 F4-46 4F-00 00-00 00-00 F4-46 4F-00 00-00 00-00&gt;" status="run" time="0" classname="Test_Math/Test_Vector" />
    <testcase name="Dimension/2" value_param="48-byte object &lt;00-AD 4F-00 00-00 00-00 F0-AC 4F-00 00-00 00-00 60-49 4F-00 00-00 00-00 D0-18 50-00 00-00 00-00 F8-18 50-00 00-00 00-00 F8-18 50-00 00-00 00-00&gt;" status="run" time="0" classname="Test_Math/Test_Vector" />
    <testcase name="Dimension/3" value_param="48-byte object &lt;70-AD 4F-00 00-00 00-00 60-AD 4F-00 00-00 00-00 E0-46 4F-00 00-00 00-00 D0-18 50-00 00-00 00-00 F8-18 50-00 00-00 00-00 F8-18 50-00 00-00 00-00&gt;" status="run" time="0" classname="Test_Math/Test_Vector" />
    <testcase name="Dimension/4" value_param="48-byte object &lt;A0-AF 4F-00 00-00 00-00 90-AF 4F-00 00-00 00-00 30-47 4F-00 00-00 00-00 A0-54 4F-00 00-00 00-00 B4-54 4F-00 00-00 00-00 B4-54 4F-00 00-00 00-00&gt;" status="run" time="0" classname="Test_Math/Test_Vector" />
    <testcase name="Dimension/5" value_param="48-byte object &lt;30-AF 4F-00 00-00 00-00 20-AF 4F-00 00-00 00-00 E0-46 4F-00 00-00 00-00 60-49 4F-00 00-00 00-00 74-49 4F-00 00-00 00-00 74-49 4F-00 00-00 00-00&gt;" status="run" time="0" classname="Test_Math/Test_Vector" />
    <testcase name="Dimension/6" value_param="48-byte object &lt;20-17 50-00 00-00 00-00 10-17 50-00 00-00 00-00 30-47 4F-00 00-00 00-00 D0-18 50-00 00-00 00-00 F8-18 50-00 00-00 00-00 F8-18 50-00 00-00 00-00&gt;" status="run" time="0" classname="Test_Math/Test_Vector" />
    <testcase name="Dimension/7" value_param="48-byte object &lt;B0-1D 50-00 00-00 00-00 A0-1D 50-00 00-00 00-00 60-49 4F-00 00-00 00-00 D0-18 50-00 00-00 00-00 F8-18 50-00 00-00 00-00 F8-18 50-00 00-00 00-00&gt;" status="run" time="0" classname="Test_Math/Test_Vector" />
    <testcase name="Norm/0" value_param="48-byte object &lt;B0-A4 4F-00 00-00 00-00 A0-A4 4F-00 00-00 00-00 30-47 4F-00 00-00 00-00 A0-54 4F-00 00-00 00-00 B4-54 4F-00 00-00 00-00 B4-54 4F-00 00-00 00-00&gt;" status="run" time="0" classname="Test_Math/Test_Vector" />
    <testcase name="Norm/1" value_param="48-byte object &lt;10-A9 4F-00 00-00 00-00 00-A9 4F-00 00-00 00-00 40-5F 4F-00 00-00 00-00 60-49 4F-00 00-00 00-00 74-49 4F-00 00-00 00-00 74-49 4F-00 00-00 00-00&gt;" status="run" time="0" classname="Test_Math/Test_Vector" />
    <testcase name="Norm/2" value_param="48-byte object &lt;00-AD 4F-00 00-00 00-00 F0-AC 4F-00 00-00 00-00 30-47 4F-00 00-00 00-00 20-2F 50-00 00-00 00-00 48-2F 50-00 00-00 00-00 48-2F 50-00 00-00 00-00&gt;" status="run" time="0" classname="Test_Math/Test_Vector" />
    <testcase name="Norm/3" value_param="48-byte object &lt;70-AD 4F-00 00-00 00-00 60-AD 4F-00 00-00 00-00 60-49 4F-00 00-00 00-00 20-2F 50-00 00-00 00-00 48-2F 50-00 00-00 00-00 48-2F 50-00 00-00 00-00&gt;" status="run" time="0" classname="Test_Math/Test_Vector" />
    <testcase name="Norm/4" value_param="48-byte object &lt;A0-AF 4F-00 00-00 00-00 90-AF 4F-00 00-00 00-00 40-5F 4F-00 00-00 00-00 C0-6B 4F-00 00-00 00-00 D4-6B 4F-00 00-00 00-00 D4-6B 4F-00 00-00 00-00&gt;" status="run" time="0" classname="Test_Math/Test_Vector" />
    <testcase name="Norm/5" value_param="48-byte object &lt;30-AF 4F-00 00-00 00-00 20-AF 4F-00 00-00 00-00 60-49 4F-00 00-00 00-00 30-47 4F-00 00-00 00-00 44-47 4F-00 00-00 00-00 44-47 4F-00 00-00 00-00&gt;" status="run" time="0" classname="Test_Math/Test_Vector" />
    <testcase name="Norm/6" value_param="48-byte object &lt;20-17 50-00 00-00 00-00 10-17 50-00 00-00 00-00 40-5F 4F-00 00-00 00-00 20-2F 50-00 00-00 00-00 48-2F 50-00 00-00 00-00 48-2F 50-00 00-00 00-00&gt;" status="run" time="0" classname="Test_Math/Test_Vector" />
    <testcase name="Norm/7" value_param="48-byte object &lt;B0-1D 50-00 00-00 00-00 A0-1D 50-00 00-00 00-00 30-47 4F-00 00-00 00-00 20-2F 50-00 00-00 00-00 48-2F 50-00 00-00 00-00 48-2F 50-00 00-00 00-00&gt;" status="run" time="0" classname="Test_Math/Test_Vector" />
    <testcase name="Norm/8" value_param="48-byte object &lt;30-21 50-00 00-00 00-00 20-21 50-00 00-00 00-00 60-49 4F-00 00-00 00-00 60-76 4F-00 00-00 00-00 74-76 4F-00 00-00 00-00 74-76 4F-00 00-00 00-00&gt;" status="run" time="0" classname="Test_Math/Test_Vector" />
    <testcase name="Norm/9" value_param="48-byte object &lt;C0-20 50-00 00-00 00-00 B0-20 50-00 00-00 00-00 30-47 4F-00 00-00 00-00 40-5F 4F-00 00-00 00-00 54-5F 4F-00 00-00 00-00 54-5F 4F-00 00-00 00-00&gt;" status="run" time="0" classname="Test_Math/Test_Vector" />
    <testcase name="Norm/10" value_param="48-byte object &lt;20-1E 50-00 00-00 00-00 10-1E 50-00 00-00 00-00 60-49 4F-00 00-00 00-00 20-2F 50-00 00-00 00-00 48-2F 50-00 00-00 00-00 48-2F 50-00 00-00 00-00&gt;" status="run" time="0" classname="Test_Math/Test_Vector" />
    <testcase name="Norm/11" value_param="48-byte object &lt;E0-18 50-00 00-00 00-00 D0-18 50-00 00-00 00-00 40-5F 4F-00 00-00 00-00 20-2F 50-00 00-00 00-00 48-2F 50-00 00-00 00-00 48-2F 50-00 00-00 00-00&gt;" status="run" time="0" classname="Test_Math/Test_Vector" />
    <testcase name="Normalized/0" value_param="48-byte object &lt;B0-A4 4F-00 00-00 00-00 A0-A4 4F-00 00-00 00-00 40-6E 4F-00 00-00 00-00 70-70 4F-00 00-00 00-00 84-70 4F-00 00-00 00-00 84-70 4F-00 00-00 00-00&gt;" status="run" time="0" classname="Test_Math/Test_Vector" />
    <testcase name="Normalized/1" value_param="48-byte object &lt;10-A9 4F-00 00-00 00-00 00-A9 4F-00 00-00 00-00 90-7D 4F-00 00-00 00-00 C0-6B 4F-00 00-00 00-00 D4-6B 4F-00 00-00 00-00 D4-6B 4F-00 00-00 00-00&gt;" status="run" time="0" classname="Test_Math/Test_Vector" />
    <testcase name="Normalized/2" value_param="48-byte object &lt;00-AD 4F-00 00-00 00-00 F0-AC 4F-00 00-00 00-00 40-6E 4F-00 00-00 00-00 90-8D 50-00 00-00 00-00 B8-8D 50-00 00-00 00-00 B8-8D 50-00 00-00 00-00&gt;" status="run" time="0" classname="Test_Math/Test_Vector" />
    <testcase name="Normalized/3" value_param="48-byte object &lt;70-AD 4F-00 00-00 00-00 60-AD 4F-00 00-00 00-00 C0-6B 4F-00 00-00 00-00 90-8D 50-00 00-00 00-00 B8-8D 50-00 00-00 00-00 B8-8D 50-00 00-00 00-00&gt;" status="run" time="0" classname="Test_Math/Test_Vector" />
    <testcase name="Normalized/4" value_param="48-byte object &lt;A0-AF 4F-00 00-00 00-00 90-AF 4F-00 00-00 00-00 90-7D 4F-00 00-00 00-00 40-69 4F-00 00-00 00-00 54-69 4F-00 00-00 00-00 54-69 4F-00 00-00 00-00&gt;" status="run" time="0" classname="Test_Math/Test_Vector" />
    <testcase name="Normalized/5" value_param="48-byte object &lt;30-AF 4F-00 00-00 00-00 20-AF 4F-00 00-00 00-00 C0-6B 4F-00 00-00 00-00 40-6E 4F-00 00-00 00-00 54-6E 4F-00 00-00 00-00 54-6E 4F-00 00-00 00-00&gt;" status="run" time="0" classname="Test_Math/Test_Vector" />
    <testcase name="Normalized/6" value_param="48-byte object &lt;20-17 50-00 00-00 00-00 10-17 50-00 00-00 00-00 90-7D 4F-00 00-00 00-00 90-8D 50-00 00-00 00-00 B8-8D 50-00 00-00 00-00 B8-8D 50-00 00-00 00-00&gt;" status="run" time="0" classname="Test_Math/Test_Vector" />
    <testcase name="Normalized/7" value_param="48-byte object &lt;B0-1D 50-00 00-00 00-00 A0-1D 50-00 00-00 00-00 40-6E 4F-00 00-00 00-00 90-8D 50-00 00-00 00-00 B8-8D 50-00 00-00 00-00 B8-8D 50-00 00-00 00-00&gt;" status="run" time="0.001" classname="Test_Math/Test_Vector" />
    <testcase name="Normalized/8" value_param="48-byte object &lt;30-21 50-00 00-00 00-00 20-21 50-00 00-00 00-00 C0-6B 4F-00 00-00 00-00 C0-66 4F-00 00-00 00-00 D4-66 4F-00 00-00 00-00 D4-66 4F-00 00-00 00-00&gt;" status="run" time="0" classname="Test_Math/Test_Vector" />
    <testcase name="Normalized/9" value_param="48-byte object &lt;C0-20 50-00 00-00 00-00 B0-20 50-00 00-00 00-00 40-6E 4F-00 00-00 00-00 90-7D 4F-00 00-00 00-00 A4-7D 4F-00 00-00 00-00 A4-7D 4F-00 00-00 00-00&gt;" status="run" time="0" classname="Test_Math/Test_Vector" />
    <testcase name="Normalized/10" value_param="48-byte object &lt;20-1E 50-00 00-00 00-00 10-1E 50-00 00-00 00-00 C0-6B 4F-00 00-00 00-00 90-8D 50-00 00-00 00-00 B8-8D 50-00 00-00 00-00 B8-8D 50-00 00-00 00-00&gt;" status="run" time="0" classname="Test_Math/Test_Vector" />
    <testcase name="Normalized/11" value_param="48-byte object &lt;E0-18 50-00 00-00 00-00 D0-18 50-00 00-00 00-00 90-7D 4F-00 00-00 00-00 90-8D 50-00 00-00 00-00 B8-8D 50-00 00-00 00-00 B8-8D 50-00 00-00 00-00&gt;" status="run" time="0" classname="Test_Math/Test_Vector" />
    <testcase name="Normalized/12" value_param="48-byte object &lt;20-33 50-00 00-00 00-00 10-33 50-00 00-00 00-00 40-6E 4F-00 00-00 00-00 30-F5 4D-00 00-00 00-00 44-F5 4D-00 00-00 00-00 44-F5 4D-00 00-00 00-00&gt;" status="run" time="0" classname="Test_Math/Test_Vector" />
    <testcase name="Normalized/13" value_param="48-byte object &lt;B0-32 50-00 00-00 00-00 A0-32 50-00 00-00 00-00 C0-6B 4F-00 00-00 00-00 30-F5 4D-00 00-00 00-00 44-F5 4D-00 00-00 00-00 44-F5 4D-00 00-00 00-00&gt;" status="run" time="0" classname="Test_Math/Test_Vector" />
    <testcase name="Normalized/14" value_param="48-byte object &lt;F0-30 50-00 00-00 00-00 E0-30 50-00 00-00 00-00 90-7D 4F-00 00-00 00-00 90-8D 50-00 00-00 00-00 B8-8D 50-00 00-00 00-00 B8-8D 50-00 00-00 00-00&gt;" status="run" time="0" classname="Test_Math/Test_Vector" />
    <testcase name="Normalized/15" value_param="48-byte object &lt;10-30 50-00 00-00 00-00 00-30 50-00 00-00 00-00 40-6E 4F-00 00-00 00-00 90-8D 50-00 00-00 00-00 B8-8D 50-00 00-00 00-00 B8-8D 50-00 00-00 00-00&gt;" status="run" time="0" classname="Test_Math/Test_Vector" />
    <testcase name="Normalize/0" value_param="48-byte object &lt;B0-A4 4F-00 00-00 00-00 A0-A4 4F-00 00-00 00-00 40-6E 4F-00 00-00 00-00 90-5F 4F-00 00-00 00-00 A4-5F 4F-00 00-00 00-00 A4-5F 4F-00 00-00 00-00&gt;" status="run" time="0" classname="Test_Math/Test_Vector" />
    <testcase name="Normalize/1" value_param="48-byte object &lt;10-A9 4F-00 00-00 00-00 00-A9 4F-00 00-00 00-00 C0-6B 4F-00 00-00 00-00 20-57 4F-00 00-00 00-00 34-57 4F-00 00-00 00-00 34-57 4F-00 00-00 00-00&gt;" status="run" time="0.001" classname="Test_Math/Test_Vector" />
    <testcase name="Normalize/2" value_param="48-byte object &lt;00-AD 4F-00 00-00 00-00 F0-AC 4F-00 00-00 00-00 40-6E 4F-00 00-00 00-00 F0-CA 50-00 00-00 00-00 18-CB 50-00 00-00 00-00 18-CB 50-00 00-00 00-00&gt;" status="run" time="0" classname="Test_Math/Test_Vector" />
    <testcase name="Normalize/3" value_param="48-byte object &lt;70-AD 4F-00 00-00 00-00 60-AD 4F-00 00-00 00-00 20-57 4F-00 00-00 00-00 F0-CA 50-00 00-00 00-00 18-CB 50-00 00-00 00-00 18-CB 50-00 00-00 00-00&gt;" status="run" time="0" classname="Test_Math/Test_Vector" />
    <testcase name="Normalize/4" value_param="48-byte object &lt;A0-AF 4F-00 00-00 00-00 90-AF 4F-00 00-00 00-00 C0-6B 4F-00 00-00 00-00 00-81 4F-00 00-00 00-00 14-81 4F-00 00-00 00-00 14-81 4F-00 00-00 00-00&gt;" status="run" time="0" classname="Test_Math/Test_Vector" />
    <testcase name="Normalize/5" value_param="48-byte object &lt;30-AF 4F-00 00-00 00-00 20-AF 4F-00 00-00 00-00 20-57 4F-00 00-00 00-00 40-6E 4F-00 00-00 00-00 54-6E 4F-00 00-00 00-00 54-6E 4F-00 00-00 00-00&gt;" status="run" time="0" classname="Test_Math/Test_Vector" />
    <testcase name="Normalize/6" value_param="48-byte object &lt;20-17 50-00 00-00 00-00 10-17 50-00 00-00 00-00 C0-6B 4F-00 00-00 00-00 F0-CA 50-00 00-00 00-00 18-CB 50-00 00-00 00-00 18-CB 50-00 00-00 00-00&gt;" status="run" time="0.001" classname="Test_Math/Test_Vector" />
    <testcase name="Normalize/7" value_param="48-byte object &lt;B0-1D 50-00 00-00 00-00 A0-1D 50-00 00-00 00-00 40-6E 4F-00 00-00 00-00 F0-CA 50-00 00-00 00-00 18-CB 50-00 00-00 00-00 18-CB 50-00 00-00 00-00&gt;" status="run" time="0" classname="Test_Math/Test_Vector" />
    <testcase name="Normalize/8" value_param="48-byte object &lt;30-21 50-00 00-00 00-00 20-21 50-00 00-00 00-00 20-57 4F-00 00-00 00-00 D0-65 51-00 00-00 00-00 E4-65 51-00 00-00 00-00 E4-65 51-00 00-00 00-00&gt;" status="run" time="0" classname="Test_Math/Test_Vector" />
    <testcase name="Normalize/9" value_param="48-byte object &lt;C0-20 50-00 00-00 00-00 B0-20 50-00 00-00 00-00 C0-6B 4F-00 00-00 00-00 D0-65 51-00 00-00 00-00 E4-65 51-00 00-00 00-00 E4-65 51-00 00-00 00-00&gt;" status="run" time="0" classname="Test_Math/Test_Vector" />
    <testcase name="Normalize/10" value_param="48-byte object &lt;20-1E 50-00 00-00 00-00 10-1E 50-00 00-00 00-00 40-6E 4F-00 00-00 00-00 F0-CA 50-00 00-00 00-00 18-CB 50-00 00-00 00-00 18-CB 50-00 00-00 00-00&gt;" status="run" time="0" classname="Test_Math/Test_Vector" />
    <testcase name="Normalize/11" value_param="48-byte object &lt;E0-18 50-00 00-00 00-00 D0-18 50-00 00-00 00-00 20-57 4F-00 00-00 00-00 F0-CA 50-00 00-00 00-00 18-CB 50-00 00-00 00-00 18-CB 50-00 00-00 00-00&gt;" status="run" time="0" classname="Test_Math/Test_Vector" />
    <testcase name="Normalize/12" value_param="48-byte object &lt;20-33 50-00 00-00 00-00 10-33 50-00 00-00 00-00 C0-6B 4F-00 00-00 00-00 F0-72 51-00 00-00 00-00 04-73 51-00 00-00 00-00 04-73 51-00 00-00 00-00&gt;" status="run" time="0" classname="Test_Math/Test_Vector" />
    <testcase name="Normalize/13" value_param="48-byte object &lt;B0-32 50-00 00-00 00-00 A0-32 50-00 00-00 00-00 40-6E 4F-00 00-00 00-00 F0-72 51-00 00-00 00-00 04-73 51-00 00-00 00-00 04-73 51-00 00-00 00-00&gt;" status="run" time="0" classname="Test_Math/Test_Vector" />
    <testcase name="Normalize/14" value_param="48-byte object &lt;F0-30 50-00 00-00 00-00 E0-30 50-00 00-00 00-00 20-57 4F-00 00-00 00-00 F0-CA 50-00 00-00 00-00 18-CB 50-00 00-00 00-00 18-CB 50-00 00-00 00-00&gt;" status="run" time="0" classname="Test_Math/Test_Vector" />
    <testcase name="Normalize/15" value_param="48-byte object &lt;10-30 50-00 00-00 00-00 00-30 50-00 00-00 00-00 C0-6B 4F-00 00-00 00-00 F0-CA 50-00 00-00 00-00 18-CB 50-00 00-00 00-00 18-CB 50-00 00-00 00-00&gt;" status="run" time="0" classname="Test_Math/Test_Vector" />
    <testcase name="Normalize/16" value_param="48-byte object &lt;70-92 50-00 00-00 00-00 60-92 50-00 00-00 00-00 40-6E 4F-00 00-00 00-00 90-7D 51-00 00-00 00-00 A4-7D 51-00 00-00 00-00 A4-7D 51-00 00-00 00-00&gt;" status="run" time="0" classname="Test_Math/Test_Vector" />
    <testcase name="Normalize/17" value_param="48-byte object &lt;00-92 50-00 00-00 00-00 F0-91 50-00 00-00 00-00 20-57 4F-00 00-00 00-00 90-7D 51-00 00-00 00-00 A4-7D 51-00 00-00 00-00 A4-7D 51-00 00-00 00-00&gt;" status="run" time="0" classname="Test_Math/Test_Vector" />
    <testcase name="Normalize/18" value_param="48-byte object &lt;40-90 50-00 00-00 00-00 30-90 50-00 00-00 00-00 C0-6B 4F-00 00-00 00-00 F0-CA 50-00 00-00 00-00 18-CB 50-00 00-00 00-00 18-CB 50-00 00-00 00-00&gt;" status="run" time="0.001" classname="Test_Math/Test_Vector" />
    <testcase name="Normalize/19" value_param="48-byte object &lt;D0-8F 50-00 00-00 00-00 C0-8F 50-00 00-00 00-00 40-6E 4F-00 00-00 00-00 F0-CA 50-00 00-00 00-00 18-CB 50-00 00-00 00-00 18-CB 50-00 00-00 00-00&gt;" status="run" time="0" classname="Test_Math/Test_Vector" />
    <testcase name="Same/0" value_param="48-byte object &lt;B0-A4 4F-00 00-00 00-00 A0-A4 4F-00 00-00 00-00 80-6F 51-00 00-00 00-00 90-7D 51-00 00-00 00-00 A4-7D 51-00 00-00 00-00 A4-7D 51-00 00-00 00-00&gt;" status="run" time="0" classname="Test_Math/Test_Vector" />
    <testcase name="Same/1" value_param="48-byte object &lt;10-A9 4F-00 00-00 00-00 00-A9 4F-00 00-00 00-00 E0-8C 51-00 00-00 00-00 00-6D 51-00 00-00 00-00 14-6D 51-00 00-00 00-00 14-6D 51-00 00-00 00-00&gt;" status="run" time="0" classname="Test_Math/Test_Vector" />
    <testcase name="Same/2" value_param="48-byte object &lt;00-AD 4F-00 00-00 00-00 F0-AC 4F-00 00-00 00-00 80-6F 51-00 00-00 00-00 30-EF 51-00 00-00 00-00 58-EF 51-00 00-00 00-00 58-EF 51-00 00-00 00-00&gt;" status="run" time="0" classname="Test_Math/Test_Vector" />
    <testcase name="Same/3" value_param="48-byte object &lt;70-AD 4F-00 00-00 00-00 60-AD 4F-00 00-00 00-00 00-6D 51-00 00-00 00-00 30-EF 51-00 00-00 00-00 58-EF 51-00 00-00 00-00 58-EF 51-00 00-00 00-00&gt;" status="run" time="0" classname="Test_Math/Test_Vector" />
    <testcase name="Same/4" value_param="48-byte object &lt;A0-AF 4F-00 00-00 00-00 90-AF 4F-00 00-00 00-00 E0-8C 51-00 00-00 00-00 50-59 51-00 00-00 00-00 64-59 51-00 00-00 00-00 64-59 51-00 00-00 00-00&gt;" status="run" time="0" classname="Test_Math/Test_Vector" />
    <testcase name="Same/5" value_param="48-byte object &lt;30-AF 4F-00 00-00 00-00 20-AF 4F-00 00-00 00-00 00-6D 51-00 00-00 00-00 80-6F 51-00 00-00 00-00 94-6F 51-00 00-00 00-00 94-6F 51-00 00-00 00-00&gt;" status="run" time="0" classname="Test_Math/Test_Vector" />
    <testcase name="Same/6" value_param="48-byte object &lt;20-17 50-00 00-00 00-00 10-17 50-00 00-00 00-00 E0-8C 51-00 00-00 00-00 30-EF 51-00 00-00 00-00 58-EF 51-00 00-00 00-00 58-EF 51-00 00-00 00-00&gt;" status="run" time="0" classname="Test_Math/Test_Vector" />
    <testcase name="Same/7" value_param="48-byte object &lt;B0-1D 50-00 00-00 00-00 A0-1D 50-00 00-00 00-00 80-6F 51-00 00-00 00-00 30-EF 51-00 00-00 00-00 58-EF 51-00 00-00 00-00 58-EF 51-00 00-00 00-00&gt;" status="run" time="0" classname="Test_Math/Test_Vector" />
    <testcase name="Same/8" value_param="48-byte object &lt;30-21 50-00 00-00 00-00 20-21 50-00 00-00 00-00 00-6D 51-00 00-00 00-00 A0-9F 51-00 00-00 00-00 B4-9F 51-00 00-00 00-00 B4-9F 51-00 00-00 00-00&gt;" status="run" time="0" classname="Test_Math/Test_Vector" />
    <testcase name="Same/9" value_param="48-byte object &lt;C0-20 50-00 00-00 00-00 B0-20 50-00 00-00 00-00 80-6F 51-00 00-00 00-00 E0-8C 51-00 00-00 00-00 F4-8C 51-00 00-00 00-00 F4-8C 51-00 00-00 00-00&gt;" status="run" time="0" classname="Test_Math/Test_Vector" />
    <testcase name="Same/10" value_param="48-byte object &lt;20-1E 50-00 00-00 00-00 10-1E 50-00 00-00 00-00 00-6D 51-00 00-00 00-00 30-EF 51-00 00-00 00-00 58-EF 51-00 00-00 00-00 58-EF 51-00 00-00 00-00&gt;" status="run" time="0" classname="Test_Math/Test_Vector" />
    <testcase name="Same/11" value_param="48-byte object &lt;E0-18 50-00 00-00 00-00 D0-18 50-00 00-00 00-00 E0-8C 51-00 00-00 00-00 30-EF 51-00 00-00 00-00 58-EF 51-00 00-00 00-00 58-EF 51-00 00-00 00-00&gt;" status="run" time="0" classname="Test_Math/Test_Vector" />
    <testcase name="Same/12" value_param="48-byte object &lt;20-33 50-00 00-00 00-00 10-33 50-00 00-00 00-00 80-6F 51-00 00-00 00-00 40-AA 51-00 00-00 00-00 54-AA 51-00 00-00 00-00 54-AA 51-00 00-00 00-00&gt;" status="run" time="0" classname="Test_Math/Test_Vector" />
    <testcase name="Same/13" value_param="48-byte object &lt;B0-32 50-00 00-00 00-00 A0-32 50-00 00-00 00-00 E0-8C 51-00 00-00 00-00 00-6D 51-00 00-00 00-00 14-6D 51-00 00-00 00-00 14-6D 51-00 00-00 00-00&gt;" status="run" time="0" classname="Test_Math/Test_Vector" />
    <testcase name="Same/14" value_param="48-byte object &lt;F0-30 50-00 00-00 00-00 E0-30 50-00 00-00 00-00 80-6F 51-00 00-00 00-00 30-EF 51-00 00-00 00-00 58-EF 51-00 00-00 00-00 58-EF 51-00 00-00 00-00&gt;" status="run" time="0" classname="Test_Math/Test_Vector" />
    <testcase name="Same/15" value_param="48-byte object &lt;10-30 50-00 00-00 00-00 00-30 50-00 00-00 00-00 00-6D 51-00 00-00 00-00 30-EF 51-00 00-00 00-00 58-EF 51-00 00-00 00-00 58-EF 51-00 00-00 00-00&gt;" status="run" time="0.001" classname="Test_Math/Test_Vector" />
    <testcase name="Same/16" value_param="48-byte object &lt;70-92 50-00 00-00 00-00 60-92 50-00 00-00 00-00 E0-8C 51-00 00-00 00-00 E0-B4 51-00 00-00 00-00 F4-B4 51-00 00-00 00-00 F4-B4 51-00 00-00 00-00&gt;" status="run" time="0" classname="Test_Math/Test_Vector" />
    <testcase name="Same/17" value_param="48-byte object &lt;00-92 50-00 00-00 00-00 F0-91 50-00 00-00 00-00 00-6D 51-00 00-00 00-00 80-6F 51-00 00-00 00-00 94-6F 51-00 00-00 00-00 94-6F 51-00 00-00 00-00&gt;" status="run" time="0" classname="Test_Math/Test_Vector" />
    <testcase name="Same/18" value_param="48-byte object &lt;40-90 50-00 00-00 00-00 30-90 50-00 00-00 00-00 E0-8C 51-00 00-00 00-00 30-EF 51-00 00-00 00-00 58-EF 51-00 00-00 00-00 58-EF 51-00 00-00 00-00&gt;" status="run" time="0" classname="Test_Math/Test_Vector" />
    <testcase name="Same/19" value_param="48-byte object &lt;D0-8F 50-00 00-00 00-00 C0-8F 50-00 00-00 00-00 80-6F 51-00 00-00 00-00 30-EF 51-00 00-00 00-00 58-EF 51-00 00-00 00-00 58-EF 51-00 00-00 00-00&gt;" status="run" time="0" classname="Test_Math/Test_Vector" />
    <testcase name="Same/20" value_param="48-byte object &lt;B0-D0 50-00 00-00 00-00 A0-D0 50-00 00-00 00-00 00-6D 51-00 00-00 00-00 80-BF 51-00 00-00 00-00 94-BF 51-00 00-00 00-00 94-BF 51-00 00-00 00-00&gt;" status="run" time="0" classname="Test_Math/Test_Vector" />
    <testcase name="Same/21" value_param="48-byte object &lt;40-D0 50-00 00-00 00-00 30-D0 50-00 00-00 00-00 80-6F 51-00 00-00 00-00 E0-8C 51-00 00-00 00-00 F4-8C 51-00 00-00 00-00 F4-8C 51-00 00-00 00-00&gt;" status="run" time="0" classname="Test_Math/Test_Vector" />
    <testcase name="Same/22" value_param="48-byte object &lt;80-CE 50-00 00-00 00-00 70-CE 50-00 00-00 00-00 00-6D 51-00 00-00 00-00 30-EF 51-00 00-00 00-00 58-EF 51-00 00-00 00-00 58-EF 51-00 00-00 00-00&gt;" status="run" time="0" classname="Test_Math/Test_Vector" />
    <testcase name="Same/23" value_param="48-byte object &lt;10-CE 50-00 00-00 00-00 00-CE 50-00 00-00 00-00 E0-8C 51-00 00-00 00-00 30-EF 51-00 00-00 00-00 58-EF 51-00 00-00 00-00 58-EF 51-00 00-00 00-00&gt;" status="run" time="0.001" classname="Test_Math/Test_Vector" />
    <testcase name="NotSame/0" value_param="48-byte object &lt;B0-A4 4F-00 00-00 00-00 A0-A4 4F-00 00-00 00-00 10-BC 51-00 00-00 00-00 40-AA 51-00 00-00 00-00 54-AA 51-00 00-00 00-00 54-AA 51-00 00-00 00-00&gt;" status="run" time="0" classname="Test_Math/Test_Vector" />
    <testcase name="NotSame/1" value_param="48-byte object &lt;10-A9 4F-00 00-00 00-00 00-A9 4F-00 00-00 00-00 60-B7 51-00 00-00 00-00 90-B9 51-00 00-00 00-00 A4-B9 51-00 00-00 00-00 A4-B9 51-00 00-00 00-00&gt;" status="run" time="0" classname="Test_Math/Test_Vector" />
    <testcase name="NotSame/2" value_param="48-byte object &lt;00-AD 4F-00 00-00 00-00 F0-AC 4F-00 00-00 00-00 10-BC 51-00 00-00 00-00 40-19 52-00 00-00 00-00 68-19 52-00 00-00 00-00 68-19 52-00 00-00 00-00&gt;" status="run" time="0" classname="Test_Math/Test_Vector" />
    <testcase name="NotSame/3" value_param="48-byte object &lt;70-AD 4F-00 00-00 00-00 60-AD 4F-00 00-00 00-00 90-B9 51-00 00-00 00-00 40-19 52-00 00-00 00-00 68-19 52-00 00-00 00-00 68-19 52-00 00-00 00-00&gt;" status="run" time="0" classname="Test_Math/Test_Vector" />
    <testcase name="NotSame/4" value_param="48-byte object &lt;A0-AF 4F-00 00-00 00-00 90-AF 4F-00 00-00 00-00 60-B7 51-00 00-00 00-00 A0-90 51-00 00-00 00-00 B4-90 51-00 00-00 00-00 B4-90 51-00 00-00 00-00&gt;" status="run" time="0" classname="Test_Math/Test_Vector" />
    <testcase name="NotSame/5" value_param="48-byte object &lt;30-AF 4F-00 00-00 00-00 20-AF 4F-00 00-00 00-00 90-B9 51-00 00-00 00-00 10-BC 51-00 00-00 00-00 24-BC 51-00 00-00 00-00 24-BC 51-00 00-00 00-00&gt;" status="run" time="0" classname="Test_Math/Test_Vector" />
    <testcase name="NotSame/6" value_param="48-byte object &lt;20-17 50-00 00-00 00-00 10-17 50-00 00-00 00-00 60-B7 51-00 00-00 00-00 40-19 52-00 00-00 00-00 68-19 52-00 00-00 00-00 68-19 52-00 00-00 00-00&gt;" status="run" time="0" classname="Test_Math/Test_Vector" />
    <testcase name="NotSame/7" value_param="48-byte object &lt;B0-1D 50-00 00-00 00-00 A0-1D 50-00 00-00 00-00 10-BC 51-00 00-00 00-00 40-19 52-00 00-00 00-00 68-19 52-00 00-00 00-00 68-19 52-00 00-00 00-00&gt;" status="run" time="0" classname="Test_Math/Test_Vector" />
    <testcase name="NotSame/8" value_param="48-byte object &lt;30-21 50-00 00-00 00-00 20-21 50-00 00-00 00-00 90-B9 51-00 00-00 00-00 F0-90 51-00 00-00 00-00 04-91 51-00 00-00 00-00 04-91 51-00 00-00 00-00&gt;" status="run" time="0" classname="Test_Math/Test_Vector" />
    <testcase name="NotSame/9" value_param="48-byte object &lt;C0-20 50-00 00-00 00-00 B0-20 50-00 00-00 00-00 10-BC 51-00 00-00 00-00 60-B7 51-00 00-00 00-00 74-B7 51-00 00-00 00-00 74-B7 51-00 00-00 00-00&gt;" status="run" time="0" classname="Test_Math/Test_Vector" />
    <testcase name="NotSame/10" value_param="48-byte object &lt;20-1E 50-00 00-00 00-00 10-1E 50-00 00-00 00-00 90-B9 51-00 00-00 00-00 40-19 52-00 00-00 00-00 68-19 52-00 00-00 00-00 68-19 52-00 00-00 00-00&gt;" status="run" time="0" classname="Test_Math/Test_Vector" />
    <testcase name="NotSame/11" value_param="48-byte object &lt;E0-18 50-00 00-00 00-00 D0-18 50-00 00-00 00-00 60-B7 51-00 00-00 00-00 40-19 52-00 00-00 00-00 68-19 52-00 00-00 00-00 68-19 52-00 00-00 00-00&gt;" status="run" time="0" classname="Test_Math/Test_Vector" />
    <testcase name="NotSame/12" value_param="48-byte object &lt;20-33 50-00 00-00 00-00 10-33 50-00 00-00 00-00 10-BC 51-00 00-00 00-00 20-D9 52-00 00-00 00-00 34-D9 52-00 00-00 00-00 34-D9 52-00 00-00 00-00&gt;" status="run" time="0" classname="Test_Math/Test_Vector" />
    <testcase name="NotSame/13" value_param="48-byte object &lt;B0-32 50-00 00-00 00-00 A0-32 50-00 00-00 00-00 90-B9 51-00 00-00 00-00 20-D9 52-00 00-00 00-00 34-D9 52-00 00-00 00-00 34-D9 52-00 00-00 00-00&gt;" status="run" time="0" classname="Test_Math/Test_Vector" />
    <testcase name="NotSame/14" value_param="48-byte object &lt;F0-30 50-00 00-00 00-00 E0-30 50-00 00-00 00-00 60-B7 51-00 00-00 00-00 40-19 52-00 00-00 00-00 68-19 52-00 00-00 00-00 68-19 52-00 00-00 00-00&gt;" status="run" time="0" classname="Test_Math/Test_Vector" />
    <testcase name="NotSame/15" value_param="48-byte object &lt;10-30 50-00 00-00 00-00 00-30 50-00 00-00 00-00 10-BC 51-00 00-00 00-00 40-19 52-00 00-00 00-00 68-19 52-00 00-00 00-00 68-19 52-00 00-00 00-00&gt;" status="run" time="0" classname="Test_Math/Test_Vector" />
    <testcase name="NotSame/16" value_param="48-byte object &lt;70-92 50-00 00-00 00-00 60-92 50-00 00-00 00-00 90-B9 51-00 00-00 00-00 C0-E3 52-00 00-00 00-00 D4-E3 52-00 00-00 00-00 D4-E3 52-00 00-00 00-00&gt;" status="run" time="0" classname="Test_Math/Test_Vector" />
    <testcase name="NotSame/17" value_param="48-byte object &lt;00-92 50-00 00-00 00-00 F0-91 50-00 00-00 00-00 60-B7 51-00 00-00 00-00 C0-E3 52-00 00-00 00-00 D4-E3 52-00 00-00 00-00 D4-E3 52-00 00-00 00-00&gt;" status="run" time="0" classname="Test_Math/Test_Vector" />
    <testcase name="NotSame/18" value_param="48-byte object &lt;40-90 50-00 00-00 00-00 30-90 50-00 00-00 00-00 10-BC 51-00 00-00 00-00 40-19 52-00 00-00 00-00 68-19 52-00 00-00 00-00 68-19 52-00 00-00 00-00&gt;" status="run" time="0" classname="Test_Math/Test_Vector" />
    <testcase name="NotSame/19" value_param="48-byte object &lt;D0-8F 50-00 00-00 00-00 C0-8F 50-00 00-00 00-00 90-B9 51-00 00-00 00-00 40-19 52-00 00-00 00-00 68-19 52-00 00-00 00-00 68-19 52-00 00-00 00-00&gt;" status="run" time="0" classname="Test_Math/Test_Vector" />
    <testcase name="NotSame/20" value_param="48-byte object &lt;B0-D0 50-00 00-00 00-00 A0-D0 50-00 00-00 00-00 60-B7 51-00 00-00 00-00 60-EE 52-00 00-00 00-00 74-EE 52-00 00-00 00-00 74-EE 52-00 00-00 00-00&gt;" status="run" time="0" classname="Test_Math/Test_Vector" />
    <testcase name="NotSame/21" value_param="48-byte object &lt;40-D0 50-00 00-00 00-00 30-D0 50-00 00-00 00-00 10-BC 51-00 00-00 00-00 60-EE 52-00 00-00 00-00 74-EE 52-00 00-00 00-00 74-EE 52-00 00-00 00-00&gt;" status="run" time="0" classname="Test_Math/Test_Vector" />
    <testcase name="NotSame/22" value_param="48-byte object &lt;80-CE 50-00 00-00 00-00 70-CE 50-00 00-00 00-00 90-B9 51-00 00-00 00-00 40-19 52-00 00-00 00-00 68-19 52-00 00-00 00-00 68-19 52-00 00-00 00-00&gt;" status="run" time="0" classname="Test_Math/Test_Vector" />
    <testcase name="NotSame/23" value_param="48-byte object &lt;10-CE 50-00 00-00 00-00 00-CE 50-00 00-00 00-00 60-B7 51-00 00-00 00-00 40-19 52-00 00-00 00-00 68-19 52-00 00-00 00-00 68-19 52-00 00-00 00-00&gt;" status="run" time="0" classname="Test_Math/Test_Vector" />
    <testcase name="NotSame/24" value_param="48-byte object &lt;D0-F5 51-00 00-00 00-00 C0-F5 51-00 00-00 00-00 10-BC 51-00 00-00 00-00 00-F9 52-00 00-00 00-00 14-F9 52-00 00-00 00-00 14-F9 52-00 00-00 00-00&gt;" status="run" time="0" classname="Test_Math/Test_Vector" />
    <testcase name="NotSame/25" value_param="48-byte object &lt;60-F5 51-00 00-00 00-00 50-F5 51-00 00-00 00-00 90-B9 51-00 00-00 00-00 00-F9 52-00 00-00 00-00 14-F9 52-00 00-00 00-00 14-F9 52-00 00-00 00-00&gt;" status="run" time="0" classname="Test_Math/Test_Vector" />
    <testcase name="NotSame/26" value_param="48-byte object &lt;A0-F3 51-00 00-00 00-00 90-F3 51-00 00-00 00-00 60-B7 51-00 00-00 00-00 40-19 52-00 00-00 00-00 68-19 52-00 00-00 00-00 68-19 52-00 00-00 00-00&gt;" status="run" time="0" classname="Test_Math/Test_Vector" />
    <testcase name="NotSame/27" value_param="48-byte object &lt;30-F3 51-00 00-00 00-00 20-F3 51-00 00-00 00-00 10-BC 51-00 00-00 00-00 40-19 52-00 00-00 00-00 68-19 52-00 00-00 00-00 68-19 52-00 00-00 00-00&gt;" status="run" time="0" classname="Test_Math/Test_Vector" />
    <testcase name="Negate/0" value_param="48-byte object &lt;B0-A4 4F-00 00-00 00-00 A0-A4 4F-00 00-00 00-00 10-BC 51-00 00-00 00-00 A0-95 51-00 00-00 00-00 B4-95 51-00 00-00 00-00 B4-95 51-00 00-00 00-00&gt;" status="run" time="0" classname="Test_Math/Test_Vector" />
    <testcase name="Negate/1" value_param="48-byte object &lt;10-A9 4F-00 00-00 00-00 00-A9 4F-00 00-00 00-00 90-B9 51-00 00-00 00-00 20-93 51-00 00-00 00-00 34-93 51-00 00-00 00-00 34-93 51-00 00-00 00-00&gt;" status="run" time="0" classname="Test_Math/Test_Vector" />
    <testcase name="Negate/2" value_param="48-byte object &lt;00-AD 4F-00 00-00 00-00 F0-AC 4F-00 00-00 00-00 10-BC 51-00 00-00 00-00 50-CC 53-00 00-00 00-00 78-CC 53-00 00-00 00-00 78-CC 53-00 00-00 00-00&gt;" status="run" time="0" classname="Test_Math/Test_Vector" />
    <testcase name="Negate/3" value_param="48-byte object &lt;70-AD 4F-00 00-00 00-00 60-AD 4F-00 00-00 00-00 20-93 51-00 00-00 00-00 50-CC 53-00 00-00 00-00 78-CC 53-00 00-00 00-00 78-CC 53-00 00-00 00-00&gt;" status="run" time="0" classname="Test_Math/Test_Vector" />
    <testcase name="Negate/4" value_param="48-byte object &lt;A0-AF 4F-00 00-00 00-00 90-AF 4F-00 00-00 00-00 90-B9 51-00 00-00 00-00 D0-CE 51-00 00-00 00-00 E4-CE 51-00 00-00 00-00 E4-CE 51-00 00-00 00-00&gt;" status="run" time="0" classname="Test_Math/Test_Vector" />
    <testcase name="Negate/5" value_param="48-byte object &lt;30-AF 4F-00 00-00 00-00 20-AF 4F-00 00-00 00-00 20-93 51-00 00-00 00-00 10-BC 51-00 00-00 00-00 24-BC 51-00 00-00 00-00 24-BC 51-00 00-00 00-00&gt;" status="run" time="0" classname="Test_Math/Test_Vector" />
    <testcase name="Negate/6" value_param="48-byte object &lt;20-17 50-00 00-00 00-00 10-17 50-00 00-00 00-00 90-B9 51-00 00-00 00-00 50-CC 53-00 00-00 00-00 78-CC 53-00 00-00 00-00 78-CC 53-00 00-00 00-00&gt;" status="run" time="0" classname="Test_Math/Test_Vector" />
    <testcase name="Negate/7" value_param="48-byte object &lt;B0-1D 50-00 00-00 00-00 A0-1D 50-00 00-00 00-00 10-BC 51-00 00-00 00-00 50-CC 53-00 00-00 00-00 78-CC 53-00 00-00 00-00 78-CC 53-00 00-00 00-00&gt;" status="run" time="0" classname="Test_Math/Test_Vector" />
    <testcase name="Negate/8" value_param="48-byte object &lt;30-21 50-00 00-00 00-00 20-21 50-00 00-00 00-00 20-93 51-00 00-00 00-00 A0-D1 51-00 00-00 00-00 B4-D1 51-00 00-00 00-00 B4-D1 51-00 00-00 00-00&gt;" status="run" time="0.001" classname="Test_Math/Test_Vector" />
    <testcase name="Negate/9" value_param="48-byte object &lt;C0-20 50-00 00-00 00-00 B0-20 50-00 00-00 00-00 10-BC 51-00 00-00 00-00 90-B9 51-00 00-00 00-00 A4-B9 51-00 00-00 00-00 A4-B9 51-00 00-00 00-00&gt;" status="run" time="0" classname="Test_Math/Test_Vector" />
    <testcase name="Negate/10" value_param="48-byte object &lt;20-1E 50-00 00-00 00-00 10-1E 50-00 00-00 00-00 20-93 51-00 00-00 00-00 50-CC 53-00 00-00 00-00 78-CC 53-00 00-00 00-00 78-CC 53-00 00-00 00-00&gt;" status="run" time="0" classname="Test_Math/Test_Vector" />
    <testcase name="Negate/11" value_param="48-byte object &lt;E0-18 50-00 00-00 00-00 D0-18 50-00 00-00 00-00 90-B9 51-00 00-00 00-00 50-CC 53-00 00-00 00-00 78-CC 53-00 00-00 00-00 78-CC 53-00 00-00 00-00&gt;" status="run" time="0" classname="Test_Math/Test_Vector" />
    <testcase name="Negate/12" value_param="48-byte object &lt;20-33 50-00 00-00 00-00 10-33 50-00 00-00 00-00 10-BC 51-00 00-00 00-00 E0-22 53-00 00-00 00-00 F4-22 53-00 00-00 00-00 F4-22 53-00 00-00 00-00&gt;" status="run" time="0" classname="Test_Math/Test_Vector" />
    <testcase name="Negate/13" value_param="48-byte object &lt;B0-32 50-00 00-00 00-00 A0-32 50-00 00-00 00-00 20-93 51-00 00-00 00-00 E0-22 53-00 00-00 00-00 F4-22 53-00 00-00 00-00 F4-22 53-00 00-00 00-00&gt;" status="run" time="0" classname="Test_Math/Test_Vector" />
    <testcase name="Negate/14" value_param="48-byte object &lt;F0-30 50-00 00-00 00-00 E0-30 50-00 00-00 00-00 90-B9 51-00 00-00 00-00 50-CC 53-00 00-00 00-00 78-CC 53-00 00-00 00-00 78-CC 53-00 00-00 00-00&gt;" status="run" time="0" classname="Test_Math/Test_Vector" />
    <testcase name="Negate/15" value_param="48-byte object &lt;10-30 50-00 00-00 00-00 00-30 50-00 00-00 00-00 10-BC 51-00 00-00 00-00 50-CC 53-00 00-00 00-00 78-CC 53-00 00-00 00-00 78-CC 53-00 00-00 00-00&gt;" status="run" time="0" classname="Test_Math/Test_Vector" />
    <testcase name="Negate/16" value_param="48-byte object &lt;70-92 50-00 00-00 00-00 60-92 50-00 00-00 00-00 20-93 51-00 00-00 00-00 80-2D 53-00 00-00 00-00 94-2D 53-00 00-00 00-00 94-2D 53-00 00-00 00-00&gt;" status="run" time="0" classname="Test_Math/Test_Vector" />
    <testcase name="Negate/17" value_param="48-byte object &lt;00-92 50-00 00-00 00-00 F0-91 50-00 00-00 00-00 90-B9 51-00 00-00 00-00 80-2D 53-00 00-00 00-00 94-2D 53-00 00-00 00-00 94-2D 53-00 00-00 00-00&gt;" status="run" time="0" classname="Test_Math/Test_Vector" />
    <testcase name="Negate/18" value_param="48-byte object &lt;40-90 50-00 00-00 00-00 30-90 50-00 00-00 00-00 10-BC 51-00 00-00 00-00 50-CC 53-00 00-00 00-00 78-CC 53-00 00-00 00-00 78-CC 53-00 00-00 00-00&gt;" status="run" time="0" classname="Test_Math/Test_Vector" />
    <testcase name="Negate/19" value_param="48-byte object &lt;D0-8F 50-00 00-00 00-00 C0-8F 50-00 00-00 00-00 20-93 51-00 00-00 00-00 50-CC 53-00 00-00 00-00 78-CC 53-00 00-00 00-00 78-CC 53-00 00-00 00-00&gt;" status="run" time="0" classname="Test_Math/Test_Vector" />
    <testcase name="Negate/20" value_param="48-byte object &lt;B0-D0 50-00 00-00 00-00 A0-D0 50-00 00-00 00-00 90-B9 51-00 00-00 00-00 20-38 53-00 00-00 00-00 34-38 53-00 00-00 00-00 34-38 53-00 00-00 00-00&gt;" status="run" time="0" classname="Test_Math/Test_Vector" />
    <testcase name="Negate/21" value_param="48-byte object &lt;40-D0 50-00 00-00 00-00 30-D0 50-00 00-00 00-00 10-BC 51-00 00-00 00-00 20-38 53-00 00-00 00-00 34-38 53-00 00-00 00-00 34-38 53-00 00-00 00-00&gt;" status="run" time="0" classname="Test_Math/Test_Vector" />
    <testcase name="Negate/22" value_param="48-byte object &lt;80-CE 50-00 00-00 00-00 70-CE 50-00 00-00 00-00 20-93 51-00 00-00 00-00 50-CC 53-00 00-00 00-00 78-CC 53-00 00-00 00-00 78-CC 53-00 00-00 00-00&gt;" status="run" time="0" classname="Test_Math/Test_Vector" />
    <testcase name="Negate/23" value_param="48-byte object &lt;10-CE 50-00 00-00 00-00 00-CE 50-00 00-00 00-00 90-B9 51-00 00-00 00-00 50-CC 53-00 00-00 00-00 78-CC 53-00 00-00 00-00 78-CC 53-00 00-00 00-00&gt;" status="run" time="0" classname="Test_Math/Test_Vector" />
    <testcase name="Negate/24" value_param="48-byte object &lt;D0-F5 51-00 00-00 00-00 C0-F5 51-00 00-00 00-00 10-BC 51-00 00-00 00-00 C0-42 53-00 00-00 00-00 D4-42 53-00 00-00 00-00 D4-42 53-00 00-00 00-00&gt;" status="run" time="0" classname="Test_Math/Test_Vector" />
    <testcase name="Negate/25" value_param="48-byte object &lt;60-F5 51-00 00-00 00-00 50-F5 51-00 00-00 00-00 20-93 51-00 00-00 00-00 C0-42 53-00 00-00 00-00 D4-42 53-00 00-00 00-00 D4-42 53-00 00-00 00-00&gt;" status="run" time="0" classname="Test_Math/Test_Vector" />
    <testcase name="Negate/26" value_param="48-byte object &lt;A0-F3 51-00 00-00 00-00 90-F3 51-00 00-00 00-00 90-B9 51-00 00-00 00-00 50-CC 53-00 00-00 00-00 78-CC 53-00 00-00 00-00 78-CC 53-00 00-00 00-00&gt;" status="run" time="0" classname="Test_Math/Test_Vector" />
    <testcase name="Negate/27" value_param="48-byte object &lt;30-F3 51-00 00-00 00-00 20-F3 51-00 00-00 00-00 10-BC 51-00 00-00 00-00 50-CC 53-00 00-00 00-00 78-CC 53-00 00-00 00-00 78-CC 53-00 00-00 00-00&gt;" status="run" time="0" classname="Test_Math/Test_Vector" />
    <testcase name="Negate/28" value_param="48-byte object &lt;40-1D 52-00 00-00 00-00 30-1D 52-00 00-00 00-00 20-93 51-00 00-00 00-00 20-84 54-00 00-00 00-00 34-84 54-00 00-00 00-00 34-84 54-00 00-00 00-00&gt;" status="run" time="0" classname="Test_Math/Test_Vector" />
    <testcase name="Negate/29" value_param="48-byte object &lt;D0-1C 52-00 00-00 00-00 C0-1C 52-00 00-00 00-00 90-B9 51-00 00-00 00-00 20-84 54-00 00-00 00-00 34-84 54-00 00-00 00-00 34-84 54-00 00-00 00-00&gt;" status="run" time="0" classname="Test_Math/Test_Vector" />
    <testcase name="Negate/30" value_param="48-byte object &lt;10-1B 52-00 00-00 00-00 00-1B 52-00 00-00 00-00 10-BC 51-00 00-00 00-00 50-CC 53-00 00-00 00-00 78-CC 53-00 00-00 00-00 78-CC 53-00 00-00 00-00&gt;" status="run" time="0.001" classname="Test_Math/Test_Vector" />
    <testcase name="Negate/31" value_param="48-byte object &lt;30-1A 52-00 00-00 00-00 20-1A 52-00 00-00 00-00 20-93 51-00 00-00 00-00 50-CC 53-00 00-00 00-00 78-CC 53-00 00-00 00-00 78-CC 53-00 00-00 00-00&gt;" status="run" time="0" classname="Test_Math/Test_Vector" />
  </testsuite>
  <testsuite name="Test_Math/Test_DoubleVector" tests="9" failures="0" disabled="0" errors="0" time="0.005">
    <testcase name="Dot/0" value_param="48-byte object &lt;B0-CD 53-00 00-00 00-00 A0-CD 53-00 00-00 00-00 B0-D4 53-00 00-00 00-00 A0-D4 53-00 00-00 00-00 00-00 00-00 00-00 39-40 00-00 00-A0 39-91 E5-3F&gt;" status="run" time="0" classname="Test_Math/Test_DoubleVector" />
    <testcase name="Dot/1" value_param="48-byte object &lt;D0-D3 53-00 00-00 00-00 C0-D3 53-00 00-00 00-00 60-D3 53-00 00-00 00-00 50-D3 53-00 00-00 00-00 00-00 00-00 00-00 39-40 00-00 00-A0 39-91 E5-3F&gt;" status="run" time="0" classname="Test_Math/Test_DoubleVector" />
    <testcase name="Dot/2" value_param="48-byte object &lt;40-D4 53-00 00-00 00-00 30-D4 53-00 00-00 00-00 F0-D2 53-00 00-00 00-00 E0-D2 53-00 00-00 00-00 00-00 00-00 00-00 39-40 00-00 00-A0 39-91 E5-3F&gt;" status="run" time="0" classname="Test_Math/Test_DoubleVector" />
    <testcase name="Angle/0" value_param="48-byte object &lt;B0-CD 53-00 00-00 00-00 A0-CD 53-00 00-00 00-00 B0-D4 53-00 00-00 00-00 A0-D4 53-00 00-00 00-00 00-00 00-00 00-00 39-40 00-00 00-A0 39-91 E5-3F&gt;" status="run" time="0" classname="Test_Math/Test_DoubleVector" />
    <testcase name="Angle/1" value_param="48-byte object &lt;D0-D3 53-00 00-00 00-00 C0-D3 53-00 00-00 00-00 60-D3 53-00 00-00 00-00 50-D3 53-00 00-00 00-00 00-00 00-00 00-00 39-40 00-00 00-A0 39-91 E5-3F&gt;" status="run" time="0" classname="Test_Math/Test_DoubleVector" />
    <testcase name="Angle/2" value_param="48-byte object &lt;40-D4 53-00 00-00 00-00 30-D4 53-00 00-00 00-00 F0-D2 53-00 00-00 00-00 E0-D2 53-00 00-00 00-00 00-00 00-00 00-00 39-40 00-00 00-A0 39-91 E5-3F&gt;" status="run" time="0" classname="Test_Math/Test_DoubleVector" />
    <testcase name="Angle/3" value_param="48-byte object &lt;80-D2 53-00 00-00 00-00 70-D2 53-00 00-00 00-00 10-D2 53-00 00-00 00-00 00-D2 53-00 00-00 00-00 00-00 00-00 00-00 39-40 00-00 00-A0 39-91 E5-3F&gt;" status="run" time="0" classname="Test_Math/Test_DoubleVector" />
    <testcase name="Angle/4" value_param="48-byte object &lt;A0-D1 53-00 00-00 00-00 90-D1 53-00 00-00 00-00 30-D1 53-00 00-00 00-00 20-D1 53-00 00-00 00-00 00-00 00-00 00-00 39-40 00-00 00-A0 39-91 E5-3F&gt;" status="run" time="0" classname="Test_Math/Test_DoubleVector" />
    <testcase name="Angle/5" value_param="48-byte object &lt;00-CF 53-00 00-00 00-00 F0-CE 53-00 00-00 00-00 10-41 54-00 00-00 00-00 00-41 54-00 00-00 00-00 00-00 00-00 00-00 39-40 00-00 00-A0 39-91 E5-3F&gt;" status="run" time="0" classname="Test_Math/Test_DoubleVector" />
  </testsuite>
</testsuites>
